model_name_or_path, 	../../models/bert-base-chinese
train_dataset_path, 	../../datasets/Event_Competition/train_7000.json
valid_dataset_path, 	../../datasets/Event_Competition/valid_1500.json
test_dataset_path, 	../../datasets/Event_Competition/test_A.json
model_save_path, 	./output/model_2022-06-24_16-59-57
max_len, 	256
seed, 	1202
no_cuda, 	False
train_batch_size, 	128
valid_batch_size, 	64
n_epochs, 	100
lr, 	5e-05
warmup_proportion, 	0.1
max_grad_norm, 	1.0
do_train, 	True
do_test, 	True
do_eval, 	True
device, 	cuda
Epoch=0, 	batch_idx=0, 	loss=2.084258794784546
Epoch=0, 	batch_idx=10, 	loss=1.9895471334457397
Epoch=0, 	batch_idx=20, 	loss=1.7775603532791138
Epoch=0, 	batch_idx=30, 	loss=1.5760629177093506
Epoch=0, 	batch_idx=40, 	loss=1.444824457168579
Epoch=0, 	batch_idx=50, 	loss=1.3157624006271362
EP 0: F1 score: 0.1798785388094239, Acc: 0.6373333333333333
Epoch=1, 	batch_idx=0, 	loss=1.3590638637542725
Epoch=1, 	batch_idx=10, 	loss=1.0931493043899536
Epoch=1, 	batch_idx=20, 	loss=0.9638731479644775
Epoch=1, 	batch_idx=30, 	loss=1.0199813842773438
Epoch=1, 	batch_idx=40, 	loss=0.9895342588424683
Epoch=1, 	batch_idx=50, 	loss=0.8000386357307434
EP 1: F1 score: 0.4031064013958751, Acc: 0.7906666666666666
Epoch=2, 	batch_idx=0, 	loss=0.6632653474807739
Epoch=2, 	batch_idx=10, 	loss=0.6099123358726501
Epoch=2, 	batch_idx=20, 	loss=0.6078452467918396
Epoch=2, 	batch_idx=30, 	loss=0.5977078676223755
Epoch=2, 	batch_idx=40, 	loss=0.5693897008895874
Epoch=2, 	batch_idx=50, 	loss=0.6543600559234619
EP 2: F1 score: 0.5718765404285263, Acc: 0.8233333333333334
Epoch=3, 	batch_idx=0, 	loss=0.33813008666038513
Epoch=3, 	batch_idx=10, 	loss=0.49599942564964294
Epoch=3, 	batch_idx=20, 	loss=0.45815616846084595
Epoch=3, 	batch_idx=30, 	loss=0.4685165286064148
Epoch=3, 	batch_idx=40, 	loss=0.6893669962882996
Epoch=3, 	batch_idx=50, 	loss=0.4220677614212036
EP 3: F1 score: 0.6391712808257604, Acc: 0.8206666666666667
Epoch=4, 	batch_idx=0, 	loss=0.4156353175640106
Epoch=4, 	batch_idx=10, 	loss=0.380063533782959
Epoch=4, 	batch_idx=20, 	loss=0.36690351366996765
Epoch=4, 	batch_idx=30, 	loss=0.4156809151172638
Epoch=4, 	batch_idx=40, 	loss=0.5250443816184998
Epoch=4, 	batch_idx=50, 	loss=0.2236531376838684
EP 4: F1 score: 0.6459950042766288, Acc: 0.8146666666666667
Epoch=5, 	batch_idx=0, 	loss=0.40856415033340454
Epoch=5, 	batch_idx=10, 	loss=0.36393681168556213
Epoch=5, 	batch_idx=20, 	loss=0.2925117611885071
Epoch=5, 	batch_idx=30, 	loss=0.25031936168670654
Epoch=5, 	batch_idx=40, 	loss=0.3732435703277588
Epoch=5, 	batch_idx=50, 	loss=0.5058396458625793
EP 5: F1 score: 0.6350797478679939, Acc: 0.8093333333333333
Epoch=6, 	batch_idx=0, 	loss=0.20452328026294708
Epoch=6, 	batch_idx=10, 	loss=0.31055009365081787
Epoch=6, 	batch_idx=20, 	loss=0.46173879504203796
Epoch=6, 	batch_idx=30, 	loss=0.4984130859375
Epoch=6, 	batch_idx=40, 	loss=0.43717336654663086
Epoch=6, 	batch_idx=50, 	loss=0.31712061166763306
EP 6: F1 score: 0.6673756480002244, Acc: 0.8173333333333334
Epoch=7, 	batch_idx=0, 	loss=0.2200138121843338
Epoch=7, 	batch_idx=10, 	loss=0.3014708161354065
Epoch=7, 	batch_idx=20, 	loss=0.4033353924751282
Epoch=7, 	batch_idx=30, 	loss=0.3199741244316101
Epoch=7, 	batch_idx=40, 	loss=0.0895322933793068
Epoch=7, 	batch_idx=50, 	loss=0.3422130346298218
EP 7: F1 score: 0.6518825094045154, Acc: 0.8006666666666666
Epoch=8, 	batch_idx=0, 	loss=0.22170743346214294
Epoch=8, 	batch_idx=10, 	loss=0.21752247214317322
Epoch=8, 	batch_idx=20, 	loss=0.1923474818468094
Epoch=8, 	batch_idx=30, 	loss=0.27366358041763306
Epoch=8, 	batch_idx=40, 	loss=0.2202172726392746
Epoch=8, 	batch_idx=50, 	loss=0.23240819573402405
EP 8: F1 score: 0.6699329339883721, Acc: 0.8013333333333333
Epoch=9, 	batch_idx=0, 	loss=0.08918403089046478
Epoch=9, 	batch_idx=10, 	loss=0.18006959557533264
Epoch=9, 	batch_idx=20, 	loss=0.04930412769317627
Epoch=9, 	batch_idx=30, 	loss=0.09504871815443039
Epoch=9, 	batch_idx=40, 	loss=0.20662042498588562
Epoch=9, 	batch_idx=50, 	loss=0.08763781934976578
EP 9: F1 score: 0.6490635653370911, Acc: 0.8086666666666666
Epoch=10, 	batch_idx=0, 	loss=0.05935376137495041
Epoch=10, 	batch_idx=10, 	loss=0.10420010983943939
Epoch=10, 	batch_idx=20, 	loss=0.1087888777256012
Epoch=10, 	batch_idx=30, 	loss=0.10677093267440796
Epoch=10, 	batch_idx=40, 	loss=0.08511670678853989
Epoch=10, 	batch_idx=50, 	loss=0.07694774866104126
EP 10: F1 score: 0.6442961030329271, Acc: 0.808
Epoch=11, 	batch_idx=0, 	loss=0.12980397045612335
Epoch=11, 	batch_idx=10, 	loss=0.14284928143024445
Epoch=11, 	batch_idx=20, 	loss=0.18161505460739136
Epoch=11, 	batch_idx=30, 	loss=0.09630630165338516
Epoch=11, 	batch_idx=40, 	loss=0.15940244495868683
Epoch=11, 	batch_idx=50, 	loss=0.10417880862951279
EP 11: F1 score: 0.6733890838318188, Acc: 0.822
Epoch=12, 	batch_idx=0, 	loss=0.1499132364988327
Epoch=12, 	batch_idx=10, 	loss=0.11001144349575043
Epoch=12, 	batch_idx=20, 	loss=0.11621971428394318
Epoch=12, 	batch_idx=30, 	loss=0.05461334064602852
Epoch=12, 	batch_idx=40, 	loss=0.11382617801427841
Epoch=12, 	batch_idx=50, 	loss=0.11662702262401581
EP 12: F1 score: 0.6414415846486925, Acc: 0.8106666666666666
Epoch=13, 	batch_idx=0, 	loss=0.03169020637869835
Epoch=13, 	batch_idx=10, 	loss=0.04638806730508804
Epoch=13, 	batch_idx=20, 	loss=0.019396476447582245
Epoch=13, 	batch_idx=30, 	loss=0.02217787504196167
Epoch=13, 	batch_idx=40, 	loss=0.08679208904504776
Epoch=13, 	batch_idx=50, 	loss=0.08608467131853104
EP 13: F1 score: 0.6610841939222569, Acc: 0.8033333333333333
Epoch=14, 	batch_idx=0, 	loss=0.02095784991979599
Epoch=14, 	batch_idx=10, 	loss=0.016954932361841202
Epoch=14, 	batch_idx=20, 	loss=0.040557339787483215
Epoch=14, 	batch_idx=30, 	loss=0.053361956030130386
Epoch=14, 	batch_idx=40, 	loss=0.01750125363469124
Epoch=14, 	batch_idx=50, 	loss=0.07056960463523865
EP 14: F1 score: 0.6574908618003515, Acc: 0.8133333333333334
Epoch=15, 	batch_idx=0, 	loss=0.014364803209900856
Epoch=15, 	batch_idx=10, 	loss=0.014215163886547089
Epoch=15, 	batch_idx=20, 	loss=0.14216169714927673
Epoch=15, 	batch_idx=30, 	loss=0.06004263088107109
Epoch=15, 	batch_idx=40, 	loss=0.016537340357899666
Epoch=15, 	batch_idx=50, 	loss=0.23611457645893097
EP 15: F1 score: 0.6556523937705798, Acc: 0.812
Epoch=16, 	batch_idx=0, 	loss=0.06530427187681198
Epoch=16, 	batch_idx=10, 	loss=0.07729849219322205
Epoch=16, 	batch_idx=20, 	loss=0.02289169281721115
Epoch=16, 	batch_idx=30, 	loss=0.059580955654382706
Epoch=16, 	batch_idx=40, 	loss=0.021244339644908905
Epoch=16, 	batch_idx=50, 	loss=0.05174518749117851
EP 16: F1 score: 0.6497067598736932, Acc: 0.8106666666666666
Epoch=17, 	batch_idx=0, 	loss=0.05702934414148331
Epoch=17, 	batch_idx=10, 	loss=0.0548764206469059
Epoch=17, 	batch_idx=20, 	loss=0.08340636640787125
Epoch=17, 	batch_idx=30, 	loss=0.015494273044168949
Epoch=17, 	batch_idx=40, 	loss=0.11474118381738663
Epoch=17, 	batch_idx=50, 	loss=0.07421606034040451
EP 17: F1 score: 0.6579368073660558, Acc: 0.8086666666666666
Epoch=18, 	batch_idx=0, 	loss=0.0486200749874115
Epoch=18, 	batch_idx=10, 	loss=0.060640521347522736
Epoch=18, 	batch_idx=20, 	loss=0.06432453542947769
Epoch=18, 	batch_idx=30, 	loss=0.023349346593022346
Epoch=18, 	batch_idx=40, 	loss=0.09816231578588486
Epoch=18, 	batch_idx=50, 	loss=0.0077864909544587135
EP 18: F1 score: 0.594318479439458, Acc: 0.7933333333333333
Epoch=19, 	batch_idx=0, 	loss=0.08599629253149033
Epoch=19, 	batch_idx=10, 	loss=0.15466618537902832
Epoch=19, 	batch_idx=20, 	loss=0.016559652984142303
Epoch=19, 	batch_idx=30, 	loss=0.023837022483348846
Epoch=19, 	batch_idx=40, 	loss=0.01059828419238329
Epoch=19, 	batch_idx=50, 	loss=0.004883626475930214
EP 19: F1 score: 0.6316864748786832, Acc: 0.8133333333333334
Epoch=20, 	batch_idx=0, 	loss=0.011013979092240334
Epoch=20, 	batch_idx=10, 	loss=0.08275140821933746
Epoch=20, 	batch_idx=20, 	loss=0.0985848531126976
Epoch=20, 	batch_idx=30, 	loss=0.08863925188779831
Epoch=20, 	batch_idx=40, 	loss=0.06962832808494568
Epoch=20, 	batch_idx=50, 	loss=0.016347816213965416
EP 20: F1 score: 0.6153661523295818, Acc: 0.8053333333333333
Epoch=21, 	batch_idx=0, 	loss=0.003086784156039357
Epoch=21, 	batch_idx=10, 	loss=0.06417649984359741
Epoch=21, 	batch_idx=20, 	loss=0.002896898426115513
Epoch=21, 	batch_idx=30, 	loss=0.010981318540871143
Epoch=21, 	batch_idx=40, 	loss=0.023135678842663765
Epoch=21, 	batch_idx=50, 	loss=0.03861510008573532
EP 21: F1 score: 0.654116361448569, Acc: 0.824
Epoch=22, 	batch_idx=0, 	loss=0.007859504781663418
Epoch=22, 	batch_idx=10, 	loss=0.030420150607824326
Epoch=22, 	batch_idx=20, 	loss=0.015997111797332764
Epoch=22, 	batch_idx=30, 	loss=0.00435478612780571
Epoch=22, 	batch_idx=40, 	loss=0.07084199786186218
Epoch=22, 	batch_idx=50, 	loss=0.014254817739129066
EP 22: F1 score: 0.6414267105657854, Acc: 0.826
Epoch=23, 	batch_idx=0, 	loss=0.019090786576271057
Epoch=23, 	batch_idx=10, 	loss=0.05267104506492615
Epoch=23, 	batch_idx=20, 	loss=0.004441487602889538
Epoch=23, 	batch_idx=30, 	loss=0.019880665466189384
Epoch=23, 	batch_idx=40, 	loss=0.008462022058665752
Epoch=23, 	batch_idx=50, 	loss=0.03690679743885994
EP 23: F1 score: 0.6331144828085304, Acc: 0.808
Epoch=24, 	batch_idx=0, 	loss=0.03859672695398331
Epoch=24, 	batch_idx=10, 	loss=0.002638961421325803
Epoch=24, 	batch_idx=20, 	loss=0.0676174983382225
Epoch=24, 	batch_idx=30, 	loss=0.06168210133910179
Epoch=24, 	batch_idx=40, 	loss=0.07280465215444565
Epoch=24, 	batch_idx=50, 	loss=0.012715362012386322
EP 24: F1 score: 0.6393545442592274, Acc: 0.812
Epoch=25, 	batch_idx=0, 	loss=0.045953214168548584
Epoch=25, 	batch_idx=10, 	loss=0.04607735201716423
Epoch=25, 	batch_idx=20, 	loss=0.052551042288541794
Epoch=25, 	batch_idx=30, 	loss=0.11396269500255585
Epoch=25, 	batch_idx=40, 	loss=0.05250195041298866
Epoch=25, 	batch_idx=50, 	loss=0.02968062274158001
EP 25: F1 score: 0.6450216519131621, Acc: 0.8153333333333334
Epoch=26, 	batch_idx=0, 	loss=0.002847235882654786
Epoch=26, 	batch_idx=10, 	loss=0.018224051222205162
Epoch=26, 	batch_idx=20, 	loss=0.0023263483308255672
Epoch=26, 	batch_idx=30, 	loss=0.046847958117723465
Epoch=26, 	batch_idx=40, 	loss=0.016404369845986366
Epoch=26, 	batch_idx=50, 	loss=0.053474392741918564
EP 26: F1 score: 0.6381376437668376, Acc: 0.8093333333333333
Epoch=27, 	batch_idx=0, 	loss=0.00128797790966928
Epoch=27, 	batch_idx=10, 	loss=0.029931357130408287
Epoch=27, 	batch_idx=20, 	loss=0.01588558778166771
Epoch=27, 	batch_idx=30, 	loss=0.018286220729351044
Epoch=27, 	batch_idx=40, 	loss=0.051162440329790115
Epoch=27, 	batch_idx=50, 	loss=0.002842365065589547
EP 27: F1 score: 0.6342962841529123, Acc: 0.812
Epoch=28, 	batch_idx=0, 	loss=0.009930364787578583
Epoch=28, 	batch_idx=10, 	loss=0.04233691841363907
Epoch=28, 	batch_idx=20, 	loss=0.003111430909484625
Epoch=28, 	batch_idx=30, 	loss=0.022553734481334686
Epoch=28, 	batch_idx=40, 	loss=0.05520359054207802
Epoch=28, 	batch_idx=50, 	loss=0.0269825030118227
EP 28: F1 score: 0.6265059567380856, Acc: 0.798
Epoch=29, 	batch_idx=0, 	loss=0.06776955723762512
Epoch=29, 	batch_idx=10, 	loss=0.00586591986939311
Epoch=29, 	batch_idx=20, 	loss=0.01459762267768383
Epoch=29, 	batch_idx=30, 	loss=0.013470368459820747
Epoch=29, 	batch_idx=40, 	loss=0.03167642280459404
Epoch=29, 	batch_idx=50, 	loss=0.03676128759980202
EP 29: F1 score: 0.60758594551613, Acc: 0.8046666666666666
Epoch=30, 	batch_idx=0, 	loss=0.011036264710128307
Epoch=30, 	batch_idx=10, 	loss=0.023573119193315506
Epoch=30, 	batch_idx=20, 	loss=0.006484307814389467
Epoch=30, 	batch_idx=30, 	loss=0.04465905576944351
Epoch=30, 	batch_idx=40, 	loss=0.004948342684656382
Epoch=30, 	batch_idx=50, 	loss=0.004097246564924717
EP 30: F1 score: 0.6160867705433943, Acc: 0.794
Epoch=31, 	batch_idx=0, 	loss=0.0044204373843967915
Epoch=31, 	batch_idx=10, 	loss=0.0041923727840185165
Epoch=31, 	batch_idx=20, 	loss=0.005579420831054449
Epoch=31, 	batch_idx=30, 	loss=0.005263958591967821
Epoch=31, 	batch_idx=40, 	loss=0.07273390144109726
Epoch=31, 	batch_idx=50, 	loss=0.077305868268013
EP 31: F1 score: 0.6079627152837493, Acc: 0.8066666666666666
Epoch=32, 	batch_idx=0, 	loss=0.00494874082505703
Epoch=32, 	batch_idx=10, 	loss=0.02413458190858364
Epoch=32, 	batch_idx=20, 	loss=0.0021292977035045624
Epoch=32, 	batch_idx=30, 	loss=0.0006145258084870875
Epoch=32, 	batch_idx=40, 	loss=0.00210658460855484
Epoch=32, 	batch_idx=50, 	loss=0.052112333476543427
EP 32: F1 score: 0.6714372426041186, Acc: 0.8113333333333334
Epoch=33, 	batch_idx=0, 	loss=0.013909345492720604
Epoch=33, 	batch_idx=10, 	loss=0.003841571742668748
Epoch=33, 	batch_idx=20, 	loss=0.06804000586271286
Epoch=33, 	batch_idx=30, 	loss=0.012463107705116272
Epoch=33, 	batch_idx=40, 	loss=0.05638011917471886
Epoch=33, 	batch_idx=50, 	loss=0.0018710903823375702
EP 33: F1 score: 0.6084964707550865, Acc: 0.8166666666666667
Epoch=34, 	batch_idx=0, 	loss=0.016935953870415688
Epoch=34, 	batch_idx=10, 	loss=0.015389584004878998
Epoch=34, 	batch_idx=20, 	loss=0.0009388286853209138
Epoch=34, 	batch_idx=30, 	loss=0.055287282913923264
Epoch=34, 	batch_idx=40, 	loss=0.012441984377801418
Epoch=34, 	batch_idx=50, 	loss=0.019278883934020996
EP 34: F1 score: 0.6538106854697822, Acc: 0.822
Epoch=35, 	batch_idx=0, 	loss=0.07708524167537689
Epoch=35, 	batch_idx=10, 	loss=0.1617007851600647
Epoch=35, 	batch_idx=20, 	loss=0.1104205846786499
Epoch=35, 	batch_idx=30, 	loss=0.0014125545276328921
Epoch=35, 	batch_idx=40, 	loss=0.0007747640484012663
Epoch=35, 	batch_idx=50, 	loss=0.02237650752067566
EP 35: F1 score: 0.6453995831305583, Acc: 0.8133333333333334
Epoch=36, 	batch_idx=0, 	loss=0.050041813403367996
Epoch=36, 	batch_idx=10, 	loss=0.022031286731362343
Epoch=36, 	batch_idx=20, 	loss=0.0015751003520563245
Epoch=36, 	batch_idx=30, 	loss=0.0011880199890583754
Epoch=36, 	batch_idx=40, 	loss=0.04478774592280388
Epoch=36, 	batch_idx=50, 	loss=0.002489945152774453
EP 36: F1 score: 0.6593630532212078, Acc: 0.814
Epoch=37, 	batch_idx=0, 	loss=0.06814377754926682
Epoch=37, 	batch_idx=10, 	loss=0.03995686396956444
Epoch=37, 	batch_idx=20, 	loss=0.006585271097719669
Epoch=37, 	batch_idx=30, 	loss=0.012428522109985352
Epoch=37, 	batch_idx=40, 	loss=0.006932099815458059
Epoch=37, 	batch_idx=50, 	loss=0.011337324976921082
EP 37: F1 score: 0.6386218841750767, Acc: 0.808
Epoch=38, 	batch_idx=0, 	loss=0.00276643387041986
Epoch=38, 	batch_idx=10, 	loss=0.011739024892449379
Epoch=38, 	batch_idx=20, 	loss=0.0004930548602715135
Epoch=38, 	batch_idx=30, 	loss=0.0238796379417181
Epoch=38, 	batch_idx=40, 	loss=0.016846654936671257
Epoch=38, 	batch_idx=50, 	loss=0.0021742747630923986
EP 38: F1 score: 0.6867668667217052, Acc: 0.828
Epoch=39, 	batch_idx=0, 	loss=0.0008351117139682174
Epoch=39, 	batch_idx=10, 	loss=0.010032985359430313
Epoch=39, 	batch_idx=20, 	loss=0.0007062006625346839
Epoch=39, 	batch_idx=30, 	loss=0.027208171784877777
Epoch=39, 	batch_idx=40, 	loss=0.04548469930887222
Epoch=39, 	batch_idx=50, 	loss=0.06222999095916748
EP 39: F1 score: 0.6715415090653645, Acc: 0.8153333333333334
Epoch=40, 	batch_idx=0, 	loss=0.0033302223309874535
Epoch=40, 	batch_idx=10, 	loss=0.07373492419719696
Epoch=40, 	batch_idx=20, 	loss=0.0019366680644452572
Epoch=40, 	batch_idx=30, 	loss=0.01095892209559679
Epoch=40, 	batch_idx=40, 	loss=0.002734990091994405
Epoch=40, 	batch_idx=50, 	loss=0.09692259132862091
EP 40: F1 score: 0.6292797788757918, Acc: 0.8033333333333333
Epoch=41, 	batch_idx=0, 	loss=0.001083651906810701
Epoch=41, 	batch_idx=10, 	loss=0.09548447281122208
Epoch=41, 	batch_idx=20, 	loss=0.01346581894904375
Epoch=41, 	batch_idx=30, 	loss=0.0012763261329382658
Epoch=41, 	batch_idx=40, 	loss=0.07721465080976486
Epoch=41, 	batch_idx=50, 	loss=0.0306401364505291
EP 41: F1 score: 0.6348237203500855, Acc: 0.8006666666666666
Epoch=42, 	batch_idx=0, 	loss=0.001696830615401268
Epoch=42, 	batch_idx=10, 	loss=0.05207826569676399
Epoch=42, 	batch_idx=20, 	loss=0.0024067244958132505
Epoch=42, 	batch_idx=30, 	loss=0.0035204794257879257
Epoch=42, 	batch_idx=40, 	loss=0.0008343521622009575
Epoch=42, 	batch_idx=50, 	loss=0.0035645002499222755
EP 42: F1 score: 0.6418118207384715, Acc: 0.7966666666666666
Epoch=43, 	batch_idx=0, 	loss=0.09421773254871368
Epoch=43, 	batch_idx=10, 	loss=0.09899153560400009
Epoch=43, 	batch_idx=20, 	loss=0.004490036517381668
Epoch=43, 	batch_idx=30, 	loss=0.16020487248897552
Epoch=43, 	batch_idx=40, 	loss=0.0006471920642070472
Epoch=43, 	batch_idx=50, 	loss=0.0033127267379313707
EP 43: F1 score: 0.6499328116887773, Acc: 0.808
Epoch=44, 	batch_idx=0, 	loss=0.0004232822102494538
Epoch=44, 	batch_idx=10, 	loss=0.006824638694524765
Epoch=44, 	batch_idx=20, 	loss=0.037739600986242294
Epoch=44, 	batch_idx=30, 	loss=0.011106554418802261
Epoch=44, 	batch_idx=40, 	loss=0.0025213556364178658
Epoch=44, 	batch_idx=50, 	loss=0.0015037896810099483
EP 44: F1 score: 0.6279969447234599, Acc: 0.8086666666666666
Epoch=45, 	batch_idx=0, 	loss=0.006021752953529358
Epoch=45, 	batch_idx=10, 	loss=0.031963247805833817
Epoch=45, 	batch_idx=20, 	loss=0.006383135449141264
Epoch=45, 	batch_idx=30, 	loss=0.035272300243377686
Epoch=45, 	batch_idx=40, 	loss=0.007203903514891863
Epoch=45, 	batch_idx=50, 	loss=0.005210960749536753
EP 45: F1 score: 0.6282085022773218, Acc: 0.808
Epoch=46, 	batch_idx=0, 	loss=0.0013918197946622968
Epoch=46, 	batch_idx=10, 	loss=0.0016314164968207479
Epoch=46, 	batch_idx=20, 	loss=0.001766504836268723
Epoch=46, 	batch_idx=30, 	loss=0.00761102419346571
Epoch=46, 	batch_idx=40, 	loss=0.0014417108613997698
Epoch=46, 	batch_idx=50, 	loss=0.07355590909719467
EP 46: F1 score: 0.6359178511979071, Acc: 0.8066666666666666
Epoch=47, 	batch_idx=0, 	loss=0.0021929165814071894
Epoch=47, 	batch_idx=10, 	loss=0.007220784202218056
Epoch=47, 	batch_idx=20, 	loss=0.004737092647701502
Epoch=47, 	batch_idx=30, 	loss=0.004237079061567783
Epoch=47, 	batch_idx=40, 	loss=0.0008514751680195332
Epoch=47, 	batch_idx=50, 	loss=0.04547477513551712
EP 47: F1 score: 0.6100697790658087, Acc: 0.81
Epoch=48, 	batch_idx=0, 	loss=0.024522090330719948
Epoch=48, 	batch_idx=10, 	loss=0.0004521155497059226
Epoch=48, 	batch_idx=20, 	loss=0.0012430133065208793
Epoch=48, 	batch_idx=30, 	loss=0.06338895112276077
Epoch=48, 	batch_idx=40, 	loss=0.00041758129373192787
Epoch=48, 	batch_idx=50, 	loss=0.06990063190460205
EP 48: F1 score: 0.6461033000022706, Acc: 0.8093333333333333
Epoch=49, 	batch_idx=0, 	loss=0.003444722853600979
Epoch=49, 	batch_idx=10, 	loss=0.053564127534627914
Epoch=49, 	batch_idx=20, 	loss=0.0010546842822805047
Epoch=49, 	batch_idx=30, 	loss=0.002503069816157222
Epoch=49, 	batch_idx=40, 	loss=0.0593344084918499
Epoch=49, 	batch_idx=50, 	loss=0.00032555541838519275
EP 49: F1 score: 0.6607717772299454, Acc: 0.82
Epoch=50, 	batch_idx=0, 	loss=0.0006519229500554502
Epoch=50, 	batch_idx=10, 	loss=0.005485186353325844
Epoch=50, 	batch_idx=20, 	loss=0.04884323850274086
Epoch=50, 	batch_idx=30, 	loss=0.01638615131378174
Epoch=50, 	batch_idx=40, 	loss=0.02436543069779873
Epoch=50, 	batch_idx=50, 	loss=0.11067654937505722
EP 50: F1 score: 0.6406672720871465, Acc: 0.826
Epoch=51, 	batch_idx=0, 	loss=0.0565406009554863
Epoch=51, 	batch_idx=10, 	loss=0.0184065792709589
Epoch=51, 	batch_idx=20, 	loss=0.015338401310145855
Epoch=51, 	batch_idx=30, 	loss=0.006846098694950342
Epoch=51, 	batch_idx=40, 	loss=0.0002860747335944325
Epoch=51, 	batch_idx=50, 	loss=0.0004901596112176776
EP 51: F1 score: 0.637013952541869, Acc: 0.8153333333333334
Epoch=52, 	batch_idx=0, 	loss=0.02660367265343666
Epoch=52, 	batch_idx=10, 	loss=0.01114663016051054
Epoch=52, 	batch_idx=20, 	loss=0.008337307721376419
Epoch=52, 	batch_idx=30, 	loss=0.001787913148291409
Epoch=52, 	batch_idx=40, 	loss=0.06641799956560135
Epoch=52, 	batch_idx=50, 	loss=0.03692148998379707
EP 52: F1 score: 0.6445046151632232, Acc: 0.812
Epoch=53, 	batch_idx=0, 	loss=0.0010190746979787946
Epoch=53, 	batch_idx=10, 	loss=0.034865811467170715
Epoch=53, 	batch_idx=20, 	loss=0.00022768897179048508
Epoch=53, 	batch_idx=30, 	loss=0.0015679828356951475
Epoch=53, 	batch_idx=40, 	loss=0.0002952190116047859
Epoch=53, 	batch_idx=50, 	loss=0.024644354358315468
EP 53: F1 score: 0.647546557484564, Acc: 0.818
Epoch=54, 	batch_idx=0, 	loss=0.006400699727237225
Epoch=54, 	batch_idx=10, 	loss=0.014409234747290611
Epoch=54, 	batch_idx=20, 	loss=0.04038463905453682
Epoch=54, 	batch_idx=30, 	loss=0.0239252969622612
Epoch=54, 	batch_idx=40, 	loss=0.00039465836016461253
Epoch=54, 	batch_idx=50, 	loss=0.00032846449175849557
EP 54: F1 score: 0.6209427432481892, Acc: 0.8046666666666666
Epoch=55, 	batch_idx=0, 	loss=0.0035222088918089867
Epoch=55, 	batch_idx=10, 	loss=0.00029849258135072887
Epoch=55, 	batch_idx=20, 	loss=0.006637959741055965
Epoch=55, 	batch_idx=30, 	loss=0.02096022106707096
Epoch=55, 	batch_idx=40, 	loss=0.0003870016080327332
Epoch=55, 	batch_idx=50, 	loss=0.008486956357955933
EP 55: F1 score: 0.5868977799275925, Acc: 0.796
Epoch=56, 	batch_idx=0, 	loss=0.01705707609653473
Epoch=56, 	batch_idx=10, 	loss=0.09037243574857712
Epoch=56, 	batch_idx=20, 	loss=0.0009818130638450384
Epoch=56, 	batch_idx=30, 	loss=0.06648976355791092
Epoch=56, 	batch_idx=40, 	loss=0.00023414738825522363
Epoch=56, 	batch_idx=50, 	loss=0.044155463576316833
EP 56: F1 score: 0.6265548258339602, Acc: 0.8093333333333333
Epoch=57, 	batch_idx=0, 	loss=0.00606496911495924
Epoch=57, 	batch_idx=10, 	loss=0.00047190580517053604
Epoch=57, 	batch_idx=20, 	loss=0.0003623046213760972
Epoch=57, 	batch_idx=30, 	loss=0.024172024801373482
Epoch=57, 	batch_idx=40, 	loss=0.00028287459281273186
Epoch=57, 	batch_idx=50, 	loss=0.00545988604426384
EP 57: F1 score: 0.6267447626484277, Acc: 0.82
Epoch=58, 	batch_idx=0, 	loss=0.00020093671628274024
Epoch=58, 	batch_idx=10, 	loss=0.042168743908405304
Epoch=58, 	batch_idx=20, 	loss=0.17313352227210999
Epoch=58, 	batch_idx=30, 	loss=0.0006685425178147852
Epoch=58, 	batch_idx=40, 	loss=0.000511190271936357
Epoch=58, 	batch_idx=50, 	loss=0.0016284097218886018
EP 58: F1 score: 0.6300479430547732, Acc: 0.814
Epoch=59, 	batch_idx=0, 	loss=0.09356439858675003
Epoch=59, 	batch_idx=10, 	loss=0.0004815518332179636
Epoch=59, 	batch_idx=20, 	loss=0.021368173882365227
Epoch=59, 	batch_idx=30, 	loss=0.00020335649605840445
Epoch=59, 	batch_idx=40, 	loss=0.0009227389236912131
Epoch=59, 	batch_idx=50, 	loss=0.0002460487303324044
EP 59: F1 score: 0.6318927628954998, Acc: 0.8093333333333333
Epoch=60, 	batch_idx=0, 	loss=0.00017538000247441232
Epoch=60, 	batch_idx=10, 	loss=0.04437560588121414
Epoch=60, 	batch_idx=20, 	loss=0.00038672046503052115
Epoch=60, 	batch_idx=30, 	loss=0.000627550296485424
Epoch=60, 	batch_idx=40, 	loss=0.0006457266863435507
Epoch=60, 	batch_idx=50, 	loss=0.019431738182902336
EP 60: F1 score: 0.6192945833110585, Acc: 0.8126666666666666
Epoch=61, 	batch_idx=0, 	loss=0.008430284447968006
Epoch=61, 	batch_idx=10, 	loss=0.00023535422224085778
Epoch=61, 	batch_idx=20, 	loss=0.0249995868653059
Epoch=61, 	batch_idx=30, 	loss=0.00023852029698900878
Epoch=61, 	batch_idx=40, 	loss=0.0007510174182243645
Epoch=61, 	batch_idx=50, 	loss=0.0002224269264843315
EP 61: F1 score: 0.6247043564098402, Acc: 0.8086666666666666
Epoch=62, 	batch_idx=0, 	loss=0.0418197438120842
Epoch=62, 	batch_idx=10, 	loss=0.00030452676583081484
Epoch=62, 	batch_idx=20, 	loss=0.00023818285262677819
Epoch=62, 	batch_idx=30, 	loss=0.0006457257550209761
Epoch=62, 	batch_idx=40, 	loss=0.07112681865692139
Epoch=62, 	batch_idx=50, 	loss=0.036177970468997955
EP 62: F1 score: 0.6131181375118986, Acc: 0.804
Epoch=63, 	batch_idx=0, 	loss=0.002305572386831045
Epoch=63, 	batch_idx=10, 	loss=0.0006004347815178335
Epoch=63, 	batch_idx=20, 	loss=0.006699760910123587
Epoch=63, 	batch_idx=30, 	loss=0.0002762542280834168
Epoch=63, 	batch_idx=40, 	loss=0.009720155037939548
Epoch=63, 	batch_idx=50, 	loss=0.003029304789379239
EP 63: F1 score: 0.6183947453941282, Acc: 0.8093333333333333
Epoch=64, 	batch_idx=0, 	loss=0.008775006979703903
Epoch=64, 	batch_idx=10, 	loss=0.0003261063829995692
Epoch=64, 	batch_idx=20, 	loss=0.0008473853813484311
Epoch=64, 	batch_idx=30, 	loss=0.00034382386365905404
Epoch=64, 	batch_idx=40, 	loss=0.0010139609221369028
Epoch=64, 	batch_idx=50, 	loss=0.018088970333337784
EP 64: F1 score: 0.6409093984494385, Acc: 0.8106666666666666
Epoch=65, 	batch_idx=0, 	loss=0.0005421477253548801
Epoch=65, 	batch_idx=10, 	loss=0.0003639947681222111
Epoch=65, 	batch_idx=20, 	loss=0.08631104975938797
Epoch=65, 	batch_idx=30, 	loss=0.0007038238109089434
Epoch=65, 	batch_idx=40, 	loss=0.0006857489352114499
Epoch=65, 	batch_idx=50, 	loss=0.00030409294413402677
EP 65: F1 score: 0.6371269788919491, Acc: 0.814
Epoch=66, 	batch_idx=0, 	loss=0.00024626776576042175
Epoch=66, 	batch_idx=10, 	loss=0.00019056569726672024
Epoch=66, 	batch_idx=20, 	loss=0.0001527749263914302
Epoch=66, 	batch_idx=30, 	loss=0.03312472626566887
Epoch=66, 	batch_idx=40, 	loss=0.0008453504997305572
Epoch=66, 	batch_idx=50, 	loss=0.00010947610280709341
EP 66: F1 score: 0.638574866104858, Acc: 0.814
Epoch=67, 	batch_idx=0, 	loss=0.053775105625391006
Epoch=67, 	batch_idx=10, 	loss=0.0901876837015152
Epoch=67, 	batch_idx=20, 	loss=0.04718654602766037
Epoch=67, 	batch_idx=30, 	loss=0.0005225639324635267
Epoch=67, 	batch_idx=40, 	loss=0.0018781276885420084
Epoch=67, 	batch_idx=50, 	loss=0.0002203516778536141
EP 67: F1 score: 0.6238474500430984, Acc: 0.8073333333333333
Epoch=68, 	batch_idx=0, 	loss=0.00021392577036749572
Epoch=68, 	batch_idx=10, 	loss=0.0064509566873312
Epoch=68, 	batch_idx=20, 	loss=0.0376066155731678
Epoch=68, 	batch_idx=30, 	loss=0.014994464814662933
Epoch=68, 	batch_idx=40, 	loss=0.03697482869029045
Epoch=68, 	batch_idx=50, 	loss=0.0003338074020575732
EP 68: F1 score: 0.6456179238603186, Acc: 0.81
Epoch=69, 	batch_idx=0, 	loss=0.00015846663154661655
Epoch=69, 	batch_idx=10, 	loss=0.014192068949341774
Epoch=69, 	batch_idx=20, 	loss=0.03371194005012512
Epoch=69, 	batch_idx=30, 	loss=0.010025438852608204
Epoch=69, 	batch_idx=40, 	loss=0.0010880425106734037
Epoch=69, 	batch_idx=50, 	loss=0.0010559145594015718
EP 69: F1 score: 0.6232293881588471, Acc: 0.812
Epoch=70, 	batch_idx=0, 	loss=0.001648968318477273
Epoch=70, 	batch_idx=10, 	loss=0.0005186409689486027
Epoch=70, 	batch_idx=20, 	loss=0.03764497488737106
Epoch=70, 	batch_idx=30, 	loss=0.0026952133048325777
Epoch=70, 	batch_idx=40, 	loss=0.0005349652492441237
Epoch=70, 	batch_idx=50, 	loss=0.0001495359028922394
EP 70: F1 score: 0.6751875295700682, Acc: 0.8106666666666666
Epoch=71, 	batch_idx=0, 	loss=0.00015831115888431668
Epoch=71, 	batch_idx=10, 	loss=0.00018040007853414863
Epoch=71, 	batch_idx=20, 	loss=0.00012725143460556865
Epoch=71, 	batch_idx=30, 	loss=0.153176948428154
Epoch=71, 	batch_idx=40, 	loss=0.002831391291692853
Epoch=71, 	batch_idx=50, 	loss=0.0003871556546073407
EP 71: F1 score: 0.6449164801193975, Acc: 0.8153333333333334
Epoch=72, 	batch_idx=0, 	loss=0.00023595057427883148
Epoch=72, 	batch_idx=10, 	loss=0.007145898416638374
Epoch=72, 	batch_idx=20, 	loss=0.0010404972126707435
Epoch=72, 	batch_idx=30, 	loss=0.0021773059852421284
Epoch=72, 	batch_idx=40, 	loss=0.0038212111685425043
Epoch=72, 	batch_idx=50, 	loss=0.035243403166532516
EP 72: F1 score: 0.6393416037955146, Acc: 0.8146666666666667
Epoch=73, 	batch_idx=0, 	loss=0.0006126214284449816
Epoch=73, 	batch_idx=10, 	loss=0.0004983668331988156
Epoch=73, 	batch_idx=20, 	loss=0.0002694993745535612
Epoch=73, 	batch_idx=30, 	loss=0.01312415860593319
Epoch=73, 	batch_idx=40, 	loss=0.00017641634622123092
Epoch=73, 	batch_idx=50, 	loss=0.00044307095231488347
EP 73: F1 score: 0.6547269571322403, Acc: 0.8106666666666666
Epoch=74, 	batch_idx=0, 	loss=9.98764589894563e-05
Epoch=74, 	batch_idx=10, 	loss=0.00860251858830452
Epoch=74, 	batch_idx=20, 	loss=0.00014028708392288536
Epoch=74, 	batch_idx=30, 	loss=0.0024588629603385925
Epoch=74, 	batch_idx=40, 	loss=0.02743796445429325
Epoch=74, 	batch_idx=50, 	loss=0.00010654338984750211
EP 74: F1 score: 0.6616817248243001, Acc: 0.8126666666666666
Epoch=75, 	batch_idx=0, 	loss=0.00011552648356882855
Epoch=75, 	batch_idx=10, 	loss=0.04127960652112961
Epoch=75, 	batch_idx=20, 	loss=0.06715869903564453
Epoch=75, 	batch_idx=30, 	loss=0.008139481768012047
Epoch=75, 	batch_idx=40, 	loss=0.0005518192192539573
Epoch=75, 	batch_idx=50, 	loss=0.0009755605133250356
EP 75: F1 score: 0.6741729236709078, Acc: 0.8173333333333334
Epoch=76, 	batch_idx=0, 	loss=0.0004532751627266407
Epoch=76, 	batch_idx=10, 	loss=0.00013740628492087126
Epoch=76, 	batch_idx=20, 	loss=0.01978018693625927
Epoch=76, 	batch_idx=30, 	loss=0.0002086593012791127
Epoch=76, 	batch_idx=40, 	loss=0.004544713534414768
Epoch=76, 	batch_idx=50, 	loss=0.000420572207076475
EP 76: F1 score: 0.674401361464542, Acc: 0.8146666666666667
Epoch=77, 	batch_idx=0, 	loss=0.00010786709754029289
Epoch=77, 	batch_idx=10, 	loss=0.00010103401291416958
Epoch=77, 	batch_idx=20, 	loss=0.00020669912919402122
Epoch=77, 	batch_idx=30, 	loss=9.647330443840474e-05
Epoch=77, 	batch_idx=40, 	loss=0.0008412898168899119
Epoch=77, 	batch_idx=50, 	loss=0.045565780252218246
EP 77: F1 score: 0.6695203835730935, Acc: 0.8133333333333334
Epoch=78, 	batch_idx=0, 	loss=9.163936192635447e-05
Epoch=78, 	batch_idx=10, 	loss=0.00010482265497557819
Epoch=78, 	batch_idx=20, 	loss=0.0008182541350834072
Epoch=78, 	batch_idx=30, 	loss=0.07295670360326767
Epoch=78, 	batch_idx=40, 	loss=0.0004178074887022376
Epoch=78, 	batch_idx=50, 	loss=0.0007185146678239107
EP 78: F1 score: 0.6734873933980429, Acc: 0.81
Epoch=79, 	batch_idx=0, 	loss=0.0012040645815432072
Epoch=79, 	batch_idx=10, 	loss=0.00010231457417830825
Epoch=79, 	batch_idx=20, 	loss=0.0035474225878715515
Epoch=79, 	batch_idx=30, 	loss=0.00012766261352226138
Epoch=79, 	batch_idx=40, 	loss=0.06297137588262558
Epoch=79, 	batch_idx=50, 	loss=0.007272970862686634
EP 79: F1 score: 0.6577982374528117, Acc: 0.8086666666666666
Epoch=80, 	batch_idx=0, 	loss=0.0036340353544801474
Epoch=80, 	batch_idx=10, 	loss=0.0005586619954556227
Epoch=80, 	batch_idx=20, 	loss=0.05290652811527252
Epoch=80, 	batch_idx=30, 	loss=0.0029924705158919096
Epoch=80, 	batch_idx=40, 	loss=0.0005649716476909816
Epoch=80, 	batch_idx=50, 	loss=0.00035651877988129854
EP 80: F1 score: 0.6633548786567744, Acc: 0.8093333333333333
Epoch=81, 	batch_idx=0, 	loss=0.007050155196338892
Epoch=81, 	batch_idx=10, 	loss=0.0009206713293679059
Epoch=81, 	batch_idx=20, 	loss=0.00013522520021069795
Epoch=81, 	batch_idx=30, 	loss=0.001913724117912352
Epoch=81, 	batch_idx=40, 	loss=0.011349208652973175
Epoch=81, 	batch_idx=50, 	loss=0.0002632165851537138
EP 81: F1 score: 0.6416919903887619, Acc: 0.8173333333333334
Epoch=82, 	batch_idx=0, 	loss=0.00016768126806709915
Epoch=82, 	batch_idx=10, 	loss=0.014287370257079601
Epoch=82, 	batch_idx=20, 	loss=0.039222702383995056
Epoch=82, 	batch_idx=30, 	loss=9.694077743915841e-05
Epoch=82, 	batch_idx=40, 	loss=9.903727914206684e-05
Epoch=82, 	batch_idx=50, 	loss=0.00010144650877919048
EP 82: F1 score: 0.6369504675261548, Acc: 0.798
Epoch=83, 	batch_idx=0, 	loss=0.00010616340296110138
Epoch=83, 	batch_idx=10, 	loss=0.08583340048789978
Epoch=83, 	batch_idx=20, 	loss=9.812832286115736e-05
Epoch=83, 	batch_idx=30, 	loss=0.05271333083510399
Epoch=83, 	batch_idx=40, 	loss=0.00030728260753676295
Epoch=83, 	batch_idx=50, 	loss=0.00036509614437818527
EP 83: F1 score: 0.5921711313634709, Acc: 0.8086666666666666
Epoch=84, 	batch_idx=0, 	loss=0.06695123016834259
Epoch=84, 	batch_idx=10, 	loss=0.010171438567340374
Epoch=84, 	batch_idx=20, 	loss=0.0003520107129588723
Epoch=84, 	batch_idx=30, 	loss=0.0009627999970689416
Epoch=84, 	batch_idx=40, 	loss=0.00010431544069433585
Epoch=84, 	batch_idx=50, 	loss=0.00014507526066154242
EP 84: F1 score: 0.6668862163228547, Acc: 0.8186666666666667
Epoch=85, 	batch_idx=0, 	loss=0.00020566715102177113
Epoch=85, 	batch_idx=10, 	loss=7.028275285847485e-05
Epoch=85, 	batch_idx=20, 	loss=7.222404383355752e-05
Epoch=85, 	batch_idx=30, 	loss=9.473653335589916e-05
Epoch=85, 	batch_idx=40, 	loss=0.00010130091686733067
Epoch=85, 	batch_idx=50, 	loss=0.003485751571133733
EP 85: F1 score: 0.6570255973452386, Acc: 0.816
Epoch=86, 	batch_idx=0, 	loss=0.00010098933125846088
Epoch=86, 	batch_idx=10, 	loss=0.008838735520839691
Epoch=86, 	batch_idx=20, 	loss=0.0003117759770248085
Epoch=86, 	batch_idx=30, 	loss=0.019246142357587814
Epoch=86, 	batch_idx=40, 	loss=0.0003738066297955811
Epoch=86, 	batch_idx=50, 	loss=0.0005030233878642321
EP 86: F1 score: 0.6900035944048901, Acc: 0.816
Epoch=87, 	batch_idx=0, 	loss=0.00018636243476066738
Epoch=87, 	batch_idx=10, 	loss=0.1524132937192917
Epoch=87, 	batch_idx=20, 	loss=0.03189266845583916
Epoch=87, 	batch_idx=30, 	loss=0.0001495162578066811
Epoch=87, 	batch_idx=40, 	loss=0.00013628529268316925
Epoch=87, 	batch_idx=50, 	loss=0.0002823547984007746
EP 87: F1 score: 0.6579707718440451, Acc: 0.8173333333333334
Epoch=88, 	batch_idx=0, 	loss=0.003102259011939168
Epoch=88, 	batch_idx=10, 	loss=0.0003541062178555876
Epoch=88, 	batch_idx=20, 	loss=0.0076666963286697865
Epoch=88, 	batch_idx=30, 	loss=8.08145705377683e-05
Epoch=88, 	batch_idx=40, 	loss=8.709779649507254e-05
Epoch=88, 	batch_idx=50, 	loss=0.0166549701243639
EP 88: F1 score: 0.6452363412726001, Acc: 0.816
Epoch=89, 	batch_idx=0, 	loss=8.299532782984897e-05
Epoch=89, 	batch_idx=10, 	loss=0.0011154412059113383
Epoch=89, 	batch_idx=20, 	loss=0.06857220828533173
Epoch=89, 	batch_idx=30, 	loss=0.0005507838213816285
Epoch=89, 	batch_idx=40, 	loss=0.00021166591614019126
Epoch=89, 	batch_idx=50, 	loss=0.00021963464678265154
EP 89: F1 score: 0.6291135937678589, Acc: 0.8073333333333333
Epoch=90, 	batch_idx=0, 	loss=0.00017388741252943873
Epoch=90, 	batch_idx=10, 	loss=0.00011790818098234013
Epoch=90, 	batch_idx=20, 	loss=9.539176971884444e-05
Epoch=90, 	batch_idx=30, 	loss=0.0027135475538671017
Epoch=90, 	batch_idx=40, 	loss=0.00012819611583836377
Epoch=90, 	batch_idx=50, 	loss=7.978661597007886e-05
EP 90: F1 score: 0.6460654116868394, Acc: 0.8113333333333334
Epoch=91, 	batch_idx=0, 	loss=8.708432869752869e-05
Epoch=91, 	batch_idx=10, 	loss=0.00039843935519456863
Epoch=91, 	batch_idx=20, 	loss=6.349680188577622e-05
Epoch=91, 	batch_idx=30, 	loss=8.481241093249992e-05
Epoch=91, 	batch_idx=40, 	loss=8.519079710822552e-05
Epoch=91, 	batch_idx=50, 	loss=7.7556207543239e-05
EP 91: F1 score: 0.6714688262939482, Acc: 0.8173333333333334
Epoch=92, 	batch_idx=0, 	loss=0.00010796679271152243
Epoch=92, 	batch_idx=10, 	loss=0.00014691994874738157
Epoch=92, 	batch_idx=20, 	loss=9.619464981369674e-05
Epoch=92, 	batch_idx=30, 	loss=7.05493293935433e-05
Epoch=92, 	batch_idx=40, 	loss=0.00018617778550833464
Epoch=92, 	batch_idx=50, 	loss=5.7855711929732934e-05
EP 92: F1 score: 0.6596299075324821, Acc: 0.818
Epoch=93, 	batch_idx=0, 	loss=7.318839197978377e-05
Epoch=93, 	batch_idx=10, 	loss=0.00011291640112176538
Epoch=93, 	batch_idx=20, 	loss=0.018204769119620323
Epoch=93, 	batch_idx=30, 	loss=6.044757174095139e-05
Epoch=93, 	batch_idx=40, 	loss=7.86130185588263e-05
Epoch=93, 	batch_idx=50, 	loss=0.0017187590710818768
EP 93: F1 score: 0.6437391420393332, Acc: 0.8173333333333334
Epoch=94, 	batch_idx=0, 	loss=6.615662277908996e-05
Epoch=94, 	batch_idx=10, 	loss=7.504593668272719e-05
Epoch=94, 	batch_idx=20, 	loss=5.761295324191451e-05
Epoch=94, 	batch_idx=30, 	loss=6.491068052127957e-05
Epoch=94, 	batch_idx=40, 	loss=6.319776002783328e-05
Epoch=94, 	batch_idx=50, 	loss=6.562873750226572e-05
EP 94: F1 score: 0.6351139269951249, Acc: 0.808
Epoch=95, 	batch_idx=0, 	loss=8.175351831596345e-05
Epoch=95, 	batch_idx=10, 	loss=9.270405280403793e-05
Epoch=95, 	batch_idx=20, 	loss=7.069528510328382e-05
Epoch=95, 	batch_idx=30, 	loss=5.679138484993018e-05
Epoch=95, 	batch_idx=40, 	loss=5.263998900773004e-05
Epoch=95, 	batch_idx=50, 	loss=5.166843766346574e-05
EP 95: F1 score: 0.6374626046692038, Acc: 0.81
Epoch=96, 	batch_idx=0, 	loss=7.032037683529779e-05
Epoch=96, 	batch_idx=10, 	loss=5.0839444156736135e-05
Epoch=96, 	batch_idx=20, 	loss=6.469796062447131e-05
Epoch=96, 	batch_idx=30, 	loss=4.8662903282092884e-05
Epoch=96, 	batch_idx=40, 	loss=0.042148955166339874
Epoch=96, 	batch_idx=50, 	loss=0.0001322237658314407
EP 96: F1 score: 0.637773887755111, Acc: 0.8133333333333334
Epoch=97, 	batch_idx=0, 	loss=6.727129220962524e-05
Epoch=97, 	batch_idx=10, 	loss=5.493379649124108e-05
Epoch=97, 	batch_idx=20, 	loss=5.321917706169188e-05
Epoch=97, 	batch_idx=30, 	loss=0.0003081695467699319
Epoch=97, 	batch_idx=40, 	loss=0.03942127153277397
Epoch=97, 	batch_idx=50, 	loss=6.0693615523632616e-05
EP 97: F1 score: 0.6475487362502244, Acc: 0.8093333333333333
Epoch=98, 	batch_idx=0, 	loss=0.00013616216892842203
Epoch=98, 	batch_idx=10, 	loss=4.591780816554092e-05
Epoch=98, 	batch_idx=20, 	loss=4.730021464638412e-05
Epoch=98, 	batch_idx=30, 	loss=5.200877058086917e-05
Epoch=98, 	batch_idx=40, 	loss=5.4901720432098955e-05
Epoch=98, 	batch_idx=50, 	loss=8.058625826379284e-05
EP 98: F1 score: 0.6376410823785157, Acc: 0.8066666666666666
Epoch=99, 	batch_idx=0, 	loss=6.228790152817965e-05
Epoch=99, 	batch_idx=10, 	loss=4.888548210146837e-05
Epoch=99, 	batch_idx=20, 	loss=6.698537617921829e-05
Epoch=99, 	batch_idx=30, 	loss=4.738706775242463e-05
Epoch=99, 	batch_idx=40, 	loss=0.00017839715292211622
Epoch=99, 	batch_idx=50, 	loss=5.531033093575388e-05
EP 99: F1 score: 0.636986607329565, Acc: 0.8073333333333333
