model_name_or_path, 	../../models/bert-base-chinese
train_dataset_path, 	../../datasets/Event_Competition/train_7000.json
valid_dataset_path, 	../../datasets/Event_Competition/valid_1500.json
test_dataset_path, 	../../datasets/Event_Competition/test_A.json
model_save_path, 	./output/model_2022-06-24_18-23-18
max_len, 	256
seed, 	1202
no_cuda, 	False
train_batch_size, 	128
valid_batch_size, 	64
n_epochs, 	100
lr, 	5e-05
warmup_proportion, 	0.1
max_grad_norm, 	1.0
do_train, 	True
do_test, 	True
do_eval, 	True
device, 	cuda
Epoch=0, 	batch_idx=0, 	loss=2.108579158782959
Epoch=0, 	batch_idx=10, 	loss=2.0616531372070312
Epoch=0, 	batch_idx=20, 	loss=1.7667584419250488
Epoch=0, 	batch_idx=30, 	loss=1.5333389043807983
Epoch=0, 	batch_idx=40, 	loss=1.3904088735580444
Epoch=0, 	batch_idx=50, 	loss=1.3787052631378174
EP 0: F1 score: 0.14121508615303244, Acc: 0.5453333333333333
Epoch=1, 	batch_idx=0, 	loss=1.3821059465408325
Epoch=1, 	batch_idx=10, 	loss=1.1197863817214966
Epoch=1, 	batch_idx=20, 	loss=1.1127480268478394
Epoch=1, 	batch_idx=30, 	loss=1.0823262929916382
Epoch=1, 	batch_idx=40, 	loss=1.0335230827331543
Epoch=1, 	batch_idx=50, 	loss=1.0517244338989258
EP 1: F1 score: 0.28837021128522, Acc: 0.7453333333333333
Epoch=2, 	batch_idx=0, 	loss=0.7982971668243408
Epoch=2, 	batch_idx=10, 	loss=0.6195624470710754
Epoch=2, 	batch_idx=20, 	loss=0.6185017228126526
Epoch=2, 	batch_idx=30, 	loss=0.4836685061454773
Epoch=2, 	batch_idx=40, 	loss=0.73711758852005
Epoch=2, 	batch_idx=50, 	loss=0.5752830505371094
EP 2: F1 score: 0.5720270464171477, Acc: 0.8166666666666667
Epoch=3, 	batch_idx=0, 	loss=0.48099398612976074
Epoch=3, 	batch_idx=10, 	loss=0.6494899392127991
Epoch=3, 	batch_idx=20, 	loss=0.5711814761161804
Epoch=3, 	batch_idx=30, 	loss=0.44445380568504333
Epoch=3, 	batch_idx=40, 	loss=0.8597261905670166
Epoch=3, 	batch_idx=50, 	loss=0.6792587637901306
EP 3: F1 score: 0.6435966009380122, Acc: 0.8273333333333334
Epoch=4, 	batch_idx=0, 	loss=0.38157179951667786
Epoch=4, 	batch_idx=10, 	loss=0.3720337450504303
Epoch=4, 	batch_idx=20, 	loss=0.5535874366760254
Epoch=4, 	batch_idx=30, 	loss=0.28902530670166016
Epoch=4, 	batch_idx=40, 	loss=0.36421331763267517
Epoch=4, 	batch_idx=50, 	loss=0.3082677721977234
EP 4: F1 score: 0.6376257812623396, Acc: 0.8213333333333334
Epoch=5, 	batch_idx=0, 	loss=0.4212304353713989
Epoch=5, 	batch_idx=10, 	loss=0.24643820524215698
Epoch=5, 	batch_idx=20, 	loss=0.3762620985507965
Epoch=5, 	batch_idx=30, 	loss=0.524027407169342
Epoch=5, 	batch_idx=40, 	loss=0.3985844850540161
Epoch=5, 	batch_idx=50, 	loss=0.35401394963264465
EP 5: F1 score: 0.65286601059739, Acc: 0.8293333333333334
Epoch=6, 	batch_idx=0, 	loss=0.2885310649871826
Epoch=6, 	batch_idx=10, 	loss=0.2489721029996872
Epoch=6, 	batch_idx=20, 	loss=0.257987380027771
Epoch=6, 	batch_idx=30, 	loss=0.3629111051559448
Epoch=6, 	batch_idx=40, 	loss=0.3863796293735504
Epoch=6, 	batch_idx=50, 	loss=0.4645546078681946
EP 6: F1 score: 0.6316765504977232, Acc: 0.824
Epoch=7, 	batch_idx=0, 	loss=0.23386014997959137
Epoch=7, 	batch_idx=10, 	loss=0.1678985357284546
Epoch=7, 	batch_idx=20, 	loss=0.1475929319858551
Epoch=7, 	batch_idx=30, 	loss=0.2229190170764923
Epoch=7, 	batch_idx=40, 	loss=0.1350359171628952
Epoch=7, 	batch_idx=50, 	loss=0.24235807359218597
EP 7: F1 score: 0.6684358773553786, Acc: 0.8313333333333334
Epoch=8, 	batch_idx=0, 	loss=0.1901734471321106
Epoch=8, 	batch_idx=10, 	loss=0.2059507817029953
Epoch=8, 	batch_idx=20, 	loss=0.23258721828460693
Epoch=8, 	batch_idx=30, 	loss=0.2696048617362976
Epoch=8, 	batch_idx=40, 	loss=0.21203920245170593
Epoch=8, 	batch_idx=50, 	loss=0.16983124613761902
EP 8: F1 score: 0.6336761835527562, Acc: 0.8233333333333334
Epoch=9, 	batch_idx=0, 	loss=0.14628036320209503
Epoch=9, 	batch_idx=10, 	loss=0.15064069628715515
Epoch=9, 	batch_idx=20, 	loss=0.17770501971244812
Epoch=9, 	batch_idx=30, 	loss=0.21759451925754547
Epoch=9, 	batch_idx=40, 	loss=0.23533794283866882
Epoch=9, 	batch_idx=50, 	loss=0.31018269062042236
EP 9: F1 score: 0.6548286491135855, Acc: 0.816
Epoch=10, 	batch_idx=0, 	loss=0.09116140753030777
Epoch=10, 	batch_idx=10, 	loss=0.12227099388837814
Epoch=10, 	batch_idx=20, 	loss=0.09831391274929047
Epoch=10, 	batch_idx=30, 	loss=0.14186948537826538
Epoch=10, 	batch_idx=40, 	loss=0.26946571469306946
Epoch=10, 	batch_idx=50, 	loss=0.22765392065048218
EP 10: F1 score: 0.6298577783285719, Acc: 0.806
Epoch=11, 	batch_idx=0, 	loss=0.12647654116153717
Epoch=11, 	batch_idx=10, 	loss=0.12775377929210663
Epoch=11, 	batch_idx=20, 	loss=0.0648474171757698
Epoch=11, 	batch_idx=30, 	loss=0.14656025171279907
Epoch=11, 	batch_idx=40, 	loss=0.06099520996212959
Epoch=11, 	batch_idx=50, 	loss=0.01808837242424488
EP 11: F1 score: 0.6499012664755626, Acc: 0.788
Epoch=12, 	batch_idx=0, 	loss=0.03938281163573265
Epoch=12, 	batch_idx=10, 	loss=0.1556353121995926
Epoch=12, 	batch_idx=20, 	loss=0.06377510726451874
Epoch=12, 	batch_idx=30, 	loss=0.07292641699314117
Epoch=12, 	batch_idx=40, 	loss=0.19267059862613678
Epoch=12, 	batch_idx=50, 	loss=0.13450267910957336
EP 12: F1 score: 0.6627164467920459, Acc: 0.8126666666666666
Epoch=13, 	batch_idx=0, 	loss=0.055333878844976425
Epoch=13, 	batch_idx=10, 	loss=0.021554576233029366
Epoch=13, 	batch_idx=20, 	loss=0.06800336390733719
Epoch=13, 	batch_idx=30, 	loss=0.03113655559718609
Epoch=13, 	batch_idx=40, 	loss=0.05220845714211464
Epoch=13, 	batch_idx=50, 	loss=0.16170138120651245
EP 13: F1 score: 0.6279656918497659, Acc: 0.808
Epoch=14, 	batch_idx=0, 	loss=0.016559256240725517
Epoch=14, 	batch_idx=10, 	loss=0.047246817499399185
Epoch=14, 	batch_idx=20, 	loss=0.09206463396549225
Epoch=14, 	batch_idx=30, 	loss=0.06369326263666153
Epoch=14, 	batch_idx=40, 	loss=0.057762131094932556
Epoch=14, 	batch_idx=50, 	loss=0.03392699733376503
EP 14: F1 score: 0.6324157653428354, Acc: 0.7993333333333333
Epoch=15, 	batch_idx=0, 	loss=0.03267515078186989
Epoch=15, 	batch_idx=10, 	loss=0.042409420013427734
Epoch=15, 	batch_idx=20, 	loss=0.014705118723213673
Epoch=15, 	batch_idx=30, 	loss=0.04748602211475372
Epoch=15, 	batch_idx=40, 	loss=0.07718919962644577
Epoch=15, 	batch_idx=50, 	loss=0.09219639003276825
EP 15: F1 score: 0.6398650304761488, Acc: 0.7906666666666666
Epoch=16, 	batch_idx=0, 	loss=0.050119392573833466
Epoch=16, 	batch_idx=10, 	loss=0.005869021639227867
Epoch=16, 	batch_idx=20, 	loss=0.06731172651052475
Epoch=16, 	batch_idx=30, 	loss=0.014098507352173328
Epoch=16, 	batch_idx=40, 	loss=0.014588301070034504
Epoch=16, 	batch_idx=50, 	loss=0.01982486993074417
EP 16: F1 score: 0.653035996229264, Acc: 0.8193333333333334
Epoch=17, 	batch_idx=0, 	loss=0.013769184239208698
Epoch=17, 	batch_idx=10, 	loss=0.05097033083438873
Epoch=17, 	batch_idx=20, 	loss=0.09559027850627899
Epoch=17, 	batch_idx=30, 	loss=0.19940629601478577
Epoch=17, 	batch_idx=40, 	loss=0.07546642422676086
Epoch=17, 	batch_idx=50, 	loss=0.040028270334005356
EP 17: F1 score: 0.6611777288298639, Acc: 0.7966666666666666
Epoch=18, 	batch_idx=0, 	loss=0.04768942669034004
Epoch=18, 	batch_idx=10, 	loss=0.008593336679041386
Epoch=18, 	batch_idx=20, 	loss=0.02643764391541481
Epoch=18, 	batch_idx=30, 	loss=0.04387115687131882
Epoch=18, 	batch_idx=40, 	loss=0.044982340186834335
Epoch=18, 	batch_idx=50, 	loss=0.08110150694847107
EP 18: F1 score: 0.612152649860607, Acc: 0.808
Epoch=19, 	batch_idx=0, 	loss=0.07965563982725143
Epoch=19, 	batch_idx=10, 	loss=0.023119783028960228
Epoch=19, 	batch_idx=20, 	loss=0.012422475963830948
Epoch=19, 	batch_idx=30, 	loss=0.06371843814849854
Epoch=19, 	batch_idx=40, 	loss=0.007868271321058273
Epoch=19, 	batch_idx=50, 	loss=0.009352469816803932
EP 19: F1 score: 0.6396382428703837, Acc: 0.8066666666666666
Epoch=20, 	batch_idx=0, 	loss=0.018041472882032394
Epoch=20, 	batch_idx=10, 	loss=0.06776003539562225
Epoch=20, 	batch_idx=20, 	loss=0.013312813825905323
Epoch=20, 	batch_idx=30, 	loss=0.03205170854926109
Epoch=20, 	batch_idx=40, 	loss=0.0654839277267456
Epoch=20, 	batch_idx=50, 	loss=0.026118265464901924
EP 20: F1 score: 0.6261956856779718, Acc: 0.804
Epoch=21, 	batch_idx=0, 	loss=0.007968534715473652
Epoch=21, 	batch_idx=10, 	loss=0.036318399012088776
Epoch=21, 	batch_idx=20, 	loss=0.02708631008863449
Epoch=21, 	batch_idx=30, 	loss=0.005405786447227001
Epoch=21, 	batch_idx=40, 	loss=0.12217629700899124
Epoch=21, 	batch_idx=50, 	loss=0.005189226474612951
EP 21: F1 score: 0.6581051030953042, Acc: 0.8173333333333334
Epoch=22, 	batch_idx=0, 	loss=0.011999712325632572
Epoch=22, 	batch_idx=10, 	loss=0.008892076089978218
Epoch=22, 	batch_idx=20, 	loss=0.006109391339123249
Epoch=22, 	batch_idx=30, 	loss=0.006097778677940369
Epoch=22, 	batch_idx=40, 	loss=0.003037756308913231
Epoch=22, 	batch_idx=50, 	loss=0.014387753792107105
EP 22: F1 score: 0.6510341845434753, Acc: 0.7993333333333333
Epoch=23, 	batch_idx=0, 	loss=0.03485836088657379
Epoch=23, 	batch_idx=10, 	loss=0.07271362841129303
Epoch=23, 	batch_idx=20, 	loss=0.049984805285930634
Epoch=23, 	batch_idx=30, 	loss=0.053701598197221756
Epoch=23, 	batch_idx=40, 	loss=0.1137113869190216
Epoch=23, 	batch_idx=50, 	loss=0.10119052231311798
EP 23: F1 score: 0.6415920380220669, Acc: 0.8146666666666667
Epoch=24, 	batch_idx=0, 	loss=0.0025616551283746958
Epoch=24, 	batch_idx=10, 	loss=0.04992202669382095
Epoch=24, 	batch_idx=20, 	loss=0.006201597861945629
Epoch=24, 	batch_idx=30, 	loss=0.023272167891263962
Epoch=24, 	batch_idx=40, 	loss=0.039317402988672256
Epoch=24, 	batch_idx=50, 	loss=0.06101778894662857
EP 24: F1 score: 0.6362413726066772, Acc: 0.8106666666666666
Epoch=25, 	batch_idx=0, 	loss=0.03202488273382187
Epoch=25, 	batch_idx=10, 	loss=0.007340577431023121
Epoch=25, 	batch_idx=20, 	loss=0.001982415094971657
Epoch=25, 	batch_idx=30, 	loss=0.02419656701385975
Epoch=25, 	batch_idx=40, 	loss=0.0058251176960766315
Epoch=25, 	batch_idx=50, 	loss=0.014433960430324078
EP 25: F1 score: 0.6591070558298864, Acc: 0.8153333333333334
Epoch=26, 	batch_idx=0, 	loss=0.0011657139984890819
Epoch=26, 	batch_idx=10, 	loss=0.0047655426897108555
Epoch=26, 	batch_idx=20, 	loss=0.14232219755649567
Epoch=26, 	batch_idx=30, 	loss=0.040684543550014496
Epoch=26, 	batch_idx=40, 	loss=0.06048819422721863
Epoch=26, 	batch_idx=50, 	loss=0.017721768468618393
EP 26: F1 score: 0.637314625723669, Acc: 0.814
Epoch=27, 	batch_idx=0, 	loss=0.009878809563815594
Epoch=27, 	batch_idx=10, 	loss=0.02323584258556366
Epoch=27, 	batch_idx=20, 	loss=0.016404220834374428
Epoch=27, 	batch_idx=30, 	loss=0.04254577308893204
Epoch=27, 	batch_idx=40, 	loss=0.028400082141160965
Epoch=27, 	batch_idx=50, 	loss=0.10296756029129028
EP 27: F1 score: 0.6347277269259479, Acc: 0.7886666666666666
Epoch=28, 	batch_idx=0, 	loss=0.035758987069129944
Epoch=28, 	batch_idx=10, 	loss=0.06871809810400009
Epoch=28, 	batch_idx=20, 	loss=0.04953061789274216
Epoch=28, 	batch_idx=30, 	loss=0.005818656180053949
Epoch=28, 	batch_idx=40, 	loss=0.042550697922706604
Epoch=28, 	batch_idx=50, 	loss=0.05111175402998924
EP 28: F1 score: 0.6418729137589227, Acc: 0.81
Epoch=29, 	batch_idx=0, 	loss=0.013093473389744759
Epoch=29, 	batch_idx=10, 	loss=0.01270668301731348
Epoch=29, 	batch_idx=20, 	loss=0.0030143694020807743
Epoch=29, 	batch_idx=30, 	loss=0.0029337089508771896
Epoch=29, 	batch_idx=40, 	loss=0.07944365590810776
Epoch=29, 	batch_idx=50, 	loss=0.09951087832450867
EP 29: F1 score: 0.6552714712283194, Acc: 0.822
Epoch=30, 	batch_idx=0, 	loss=0.01976831629872322
Epoch=30, 	batch_idx=10, 	loss=0.002310784999281168
Epoch=30, 	batch_idx=20, 	loss=0.04336216300725937
Epoch=30, 	batch_idx=30, 	loss=0.012745771557092667
Epoch=30, 	batch_idx=40, 	loss=0.04348732903599739
Epoch=30, 	batch_idx=50, 	loss=0.058005113154649734
EP 30: F1 score: 0.6535472666561446, Acc: 0.82
Epoch=31, 	batch_idx=0, 	loss=0.0011312845163047314
Epoch=31, 	batch_idx=10, 	loss=0.030519280582666397
Epoch=31, 	batch_idx=20, 	loss=0.0700477659702301
Epoch=31, 	batch_idx=30, 	loss=0.003160199150443077
Epoch=31, 	batch_idx=40, 	loss=0.010206549428403378
Epoch=31, 	batch_idx=50, 	loss=0.004773425869643688
EP 31: F1 score: 0.6560025895401312, Acc: 0.8153333333333334
Epoch=32, 	batch_idx=0, 	loss=0.011621110141277313
Epoch=32, 	batch_idx=10, 	loss=0.016096414998173714
Epoch=32, 	batch_idx=20, 	loss=0.058998264372348785
Epoch=32, 	batch_idx=30, 	loss=0.10673730075359344
Epoch=32, 	batch_idx=40, 	loss=0.003969600424170494
Epoch=32, 	batch_idx=50, 	loss=0.06822002679109573
EP 32: F1 score: 0.6376526283865127, Acc: 0.7933333333333333
Epoch=33, 	batch_idx=0, 	loss=0.0046791499480605125
Epoch=33, 	batch_idx=10, 	loss=0.03946197032928467
Epoch=33, 	batch_idx=20, 	loss=0.0015544508351013064
Epoch=33, 	batch_idx=30, 	loss=0.014211321249604225
Epoch=33, 	batch_idx=40, 	loss=0.07533885538578033
Epoch=33, 	batch_idx=50, 	loss=0.004354636184871197
EP 33: F1 score: 0.6329050143114807, Acc: 0.8226666666666667
Epoch=34, 	batch_idx=0, 	loss=0.1303328573703766
Epoch=34, 	batch_idx=10, 	loss=0.04744403064250946
Epoch=34, 	batch_idx=20, 	loss=0.001523475511930883
Epoch=34, 	batch_idx=30, 	loss=0.009446094743907452
Epoch=34, 	batch_idx=40, 	loss=0.004451827146112919
Epoch=34, 	batch_idx=50, 	loss=0.020843777805566788
EP 34: F1 score: 0.6619755651448666, Acc: 0.8226666666666667
Epoch=35, 	batch_idx=0, 	loss=0.038910873234272
Epoch=35, 	batch_idx=10, 	loss=0.05326759070158005
Epoch=35, 	batch_idx=20, 	loss=0.03694421425461769
Epoch=35, 	batch_idx=30, 	loss=0.007531582843512297
Epoch=35, 	batch_idx=40, 	loss=0.022948091849684715
Epoch=35, 	batch_idx=50, 	loss=0.05368679389357567
EP 35: F1 score: 0.6642058165081934, Acc: 0.8206666666666667
Epoch=36, 	batch_idx=0, 	loss=0.03464711830019951
Epoch=36, 	batch_idx=10, 	loss=0.08041521906852722
Epoch=36, 	batch_idx=20, 	loss=0.0245146993547678
Epoch=36, 	batch_idx=30, 	loss=0.008724874816834927
Epoch=36, 	batch_idx=40, 	loss=0.052658773958683014
Epoch=36, 	batch_idx=50, 	loss=0.005703992210328579
EP 36: F1 score: 0.6744197903230569, Acc: 0.8213333333333334
Epoch=37, 	batch_idx=0, 	loss=0.001755356090143323
Epoch=37, 	batch_idx=10, 	loss=0.0537232831120491
Epoch=37, 	batch_idx=20, 	loss=0.0014779483899474144
Epoch=37, 	batch_idx=30, 	loss=0.001242404687218368
Epoch=37, 	batch_idx=40, 	loss=0.04234762117266655
Epoch=37, 	batch_idx=50, 	loss=0.0896909087896347
EP 37: F1 score: 0.6641647505438191, Acc: 0.8226666666666667
Epoch=38, 	batch_idx=0, 	loss=0.014042508788406849
Epoch=38, 	batch_idx=10, 	loss=0.00518997386097908
Epoch=38, 	batch_idx=20, 	loss=0.07753336429595947
Epoch=38, 	batch_idx=30, 	loss=0.0006209933781065047
Epoch=38, 	batch_idx=40, 	loss=0.0006126533844508231
Epoch=38, 	batch_idx=50, 	loss=0.01778455637395382
EP 38: F1 score: 0.6542429320918987, Acc: 0.818
Epoch=39, 	batch_idx=0, 	loss=0.002493994077667594
Epoch=39, 	batch_idx=10, 	loss=0.011077584698796272
Epoch=39, 	batch_idx=20, 	loss=0.016446741297841072
Epoch=39, 	batch_idx=30, 	loss=0.09516296535730362
Epoch=39, 	batch_idx=40, 	loss=0.019962284713983536
Epoch=39, 	batch_idx=50, 	loss=0.06023487448692322
EP 39: F1 score: 0.6771324465778209, Acc: 0.834
Epoch=40, 	batch_idx=0, 	loss=0.0017113708890974522
Epoch=40, 	batch_idx=10, 	loss=0.004582091234624386
Epoch=40, 	batch_idx=20, 	loss=0.002071883762255311
Epoch=40, 	batch_idx=30, 	loss=0.0028849702794104815
Epoch=40, 	batch_idx=40, 	loss=0.001389676472172141
Epoch=40, 	batch_idx=50, 	loss=0.00958472304046154
EP 40: F1 score: 0.6605583855107121, Acc: 0.8113333333333334
Epoch=41, 	batch_idx=0, 	loss=0.02871873788535595
Epoch=41, 	batch_idx=10, 	loss=0.007465967908501625
Epoch=41, 	batch_idx=20, 	loss=0.0005529070622287691
Epoch=41, 	batch_idx=30, 	loss=0.03300495818257332
Epoch=41, 	batch_idx=40, 	loss=0.006270384415984154
Epoch=41, 	batch_idx=50, 	loss=0.00843433290719986
EP 41: F1 score: 0.6248783420611459, Acc: 0.8026666666666666
Epoch=42, 	batch_idx=0, 	loss=0.06543715298175812
Epoch=42, 	batch_idx=10, 	loss=0.0006845550378784537
Epoch=42, 	batch_idx=20, 	loss=0.06983152776956558
Epoch=42, 	batch_idx=30, 	loss=0.05043879523873329
Epoch=42, 	batch_idx=40, 	loss=0.0010408557718619704
Epoch=42, 	batch_idx=50, 	loss=0.0010112487943843007
EP 42: F1 score: 0.6498335639742354, Acc: 0.8173333333333334
Epoch=43, 	batch_idx=0, 	loss=0.021057944744825363
Epoch=43, 	batch_idx=10, 	loss=0.0035353784915059805
Epoch=43, 	batch_idx=20, 	loss=0.0003615409950725734
Epoch=43, 	batch_idx=30, 	loss=0.058536164462566376
Epoch=43, 	batch_idx=40, 	loss=0.016085965558886528
Epoch=43, 	batch_idx=50, 	loss=0.013773215934634209
EP 43: F1 score: 0.6728209052598613, Acc: 0.8166666666666667
Epoch=44, 	batch_idx=0, 	loss=0.0006098415469750762
Epoch=44, 	batch_idx=10, 	loss=0.00109396583866328
Epoch=44, 	batch_idx=20, 	loss=0.0012074995320290327
Epoch=44, 	batch_idx=30, 	loss=0.0005977326654829085
Epoch=44, 	batch_idx=40, 	loss=0.01470130868256092
Epoch=44, 	batch_idx=50, 	loss=0.01423548348248005
EP 44: F1 score: 0.6565167350073065, Acc: 0.8093333333333333
Epoch=45, 	batch_idx=0, 	loss=0.0014017799403518438
Epoch=45, 	batch_idx=10, 	loss=0.0005065699806436896
Epoch=45, 	batch_idx=20, 	loss=0.01806330308318138
Epoch=45, 	batch_idx=30, 	loss=0.08316325396299362
Epoch=45, 	batch_idx=40, 	loss=0.0012819117400795221
Epoch=45, 	batch_idx=50, 	loss=0.004656188655644655
EP 45: F1 score: 0.6817194782148619, Acc: 0.8246666666666667
Epoch=46, 	batch_idx=0, 	loss=0.0003013651876244694
Epoch=46, 	batch_idx=10, 	loss=0.04393795132637024
Epoch=46, 	batch_idx=20, 	loss=0.06282488256692886
Epoch=46, 	batch_idx=30, 	loss=0.009454479441046715
Epoch=46, 	batch_idx=40, 	loss=0.0023907606955617666
Epoch=46, 	batch_idx=50, 	loss=0.0012385282898321748
EP 46: F1 score: 0.6630765953751472, Acc: 0.818
Epoch=47, 	batch_idx=0, 	loss=0.006607044022530317
Epoch=47, 	batch_idx=10, 	loss=0.0012522905599325895
Epoch=47, 	batch_idx=20, 	loss=0.02359597384929657
Epoch=47, 	batch_idx=30, 	loss=0.0009337715455330908
Epoch=47, 	batch_idx=40, 	loss=0.0006810486665926874
Epoch=47, 	batch_idx=50, 	loss=0.000633262621704489
EP 47: F1 score: 0.6495081971358868, Acc: 0.8206666666666667
Epoch=48, 	batch_idx=0, 	loss=0.032919157296419144
Epoch=48, 	batch_idx=10, 	loss=0.0005317910108715296
Epoch=48, 	batch_idx=20, 	loss=0.2038249373435974
Epoch=48, 	batch_idx=30, 	loss=0.007284282241016626
Epoch=48, 	batch_idx=40, 	loss=0.04419071972370148
Epoch=48, 	batch_idx=50, 	loss=0.0051344879902899265
EP 48: F1 score: 0.6751082810660101, Acc: 0.8213333333333334
Epoch=49, 	batch_idx=0, 	loss=0.0636066198348999
Epoch=49, 	batch_idx=10, 	loss=0.011623099446296692
Epoch=49, 	batch_idx=20, 	loss=0.001944300951436162
Epoch=49, 	batch_idx=30, 	loss=0.048768650740385056
Epoch=49, 	batch_idx=40, 	loss=0.0345834381878376
Epoch=49, 	batch_idx=50, 	loss=0.0008254903950728476
EP 49: F1 score: 0.6722487139208438, Acc: 0.8253333333333334
Epoch=50, 	batch_idx=0, 	loss=0.042361706495285034
Epoch=50, 	batch_idx=10, 	loss=0.0003474082623142749
Epoch=50, 	batch_idx=20, 	loss=0.03955608606338501
Epoch=50, 	batch_idx=30, 	loss=0.003002673387527466
Epoch=50, 	batch_idx=40, 	loss=0.009477178566157818
Epoch=50, 	batch_idx=50, 	loss=0.0015226738760247827
EP 50: F1 score: 0.6710984238911257, Acc: 0.8226666666666667
Epoch=51, 	batch_idx=0, 	loss=0.012132979929447174
Epoch=51, 	batch_idx=10, 	loss=0.0580160953104496
Epoch=51, 	batch_idx=20, 	loss=0.0004193680651951581
Epoch=51, 	batch_idx=30, 	loss=0.041025519371032715
Epoch=51, 	batch_idx=40, 	loss=0.002838245825842023
Epoch=51, 	batch_idx=50, 	loss=0.001358149223960936
EP 51: F1 score: 0.6612726439694738, Acc: 0.808
Epoch=52, 	batch_idx=0, 	loss=0.0003953629347961396
Epoch=52, 	batch_idx=10, 	loss=0.06862524896860123
Epoch=52, 	batch_idx=20, 	loss=0.0027213331777602434
Epoch=52, 	batch_idx=30, 	loss=0.0028089985717087984
Epoch=52, 	batch_idx=40, 	loss=0.007163995876908302
Epoch=52, 	batch_idx=50, 	loss=0.0008815659675747156
EP 52: F1 score: 0.657003155080556, Acc: 0.794
Epoch=53, 	batch_idx=0, 	loss=0.002103702165186405
Epoch=53, 	batch_idx=10, 	loss=0.0009627375984564424
Epoch=53, 	batch_idx=20, 	loss=0.002830534940585494
Epoch=53, 	batch_idx=30, 	loss=0.006519116461277008
Epoch=53, 	batch_idx=40, 	loss=0.0015579181490465999
Epoch=53, 	batch_idx=50, 	loss=0.04584966599941254
EP 53: F1 score: 0.6684947721471919, Acc: 0.824
Epoch=54, 	batch_idx=0, 	loss=0.007664261385798454
Epoch=54, 	batch_idx=10, 	loss=0.0005257695447653532
Epoch=54, 	batch_idx=20, 	loss=0.03498460352420807
Epoch=54, 	batch_idx=30, 	loss=0.08025841414928436
Epoch=54, 	batch_idx=40, 	loss=0.00045031876652501523
Epoch=54, 	batch_idx=50, 	loss=0.008912055753171444
EP 54: F1 score: 0.6569583399924177, Acc: 0.8193333333333334
Epoch=55, 	batch_idx=0, 	loss=0.004461075644940138
Epoch=55, 	batch_idx=10, 	loss=0.0046433149836957455
Epoch=55, 	batch_idx=20, 	loss=0.00035746541107073426
Epoch=55, 	batch_idx=30, 	loss=0.028531046584248543
Epoch=55, 	batch_idx=40, 	loss=0.00036559757427312434
Epoch=55, 	batch_idx=50, 	loss=0.003519425867125392
EP 55: F1 score: 0.650891459537996, Acc: 0.8066666666666666
Epoch=56, 	batch_idx=0, 	loss=0.003170056501403451
Epoch=56, 	batch_idx=10, 	loss=0.00035367897362448275
Epoch=56, 	batch_idx=20, 	loss=0.0004936464829370379
Epoch=56, 	batch_idx=30, 	loss=0.000580896798055619
Epoch=56, 	batch_idx=40, 	loss=0.0002802010567393154
Epoch=56, 	batch_idx=50, 	loss=0.009730403311550617
EP 56: F1 score: 0.6515059730751755, Acc: 0.8053333333333333
Epoch=57, 	batch_idx=0, 	loss=0.0019248202443122864
Epoch=57, 	batch_idx=10, 	loss=0.020068582147359848
Epoch=57, 	batch_idx=20, 	loss=0.09406068921089172
Epoch=57, 	batch_idx=30, 	loss=0.0003703726106323302
Epoch=57, 	batch_idx=40, 	loss=0.00031006018980406225
Epoch=57, 	batch_idx=50, 	loss=0.05794889107346535
EP 57: F1 score: 0.6308110757066968, Acc: 0.7926666666666666
Epoch=58, 	batch_idx=0, 	loss=0.035035036504268646
Epoch=58, 	batch_idx=10, 	loss=0.004250055644661188
Epoch=58, 	batch_idx=20, 	loss=0.021037569269537926
Epoch=58, 	batch_idx=30, 	loss=0.0003833425580523908
Epoch=58, 	batch_idx=40, 	loss=0.11435183882713318
Epoch=58, 	batch_idx=50, 	loss=0.05053705722093582
EP 58: F1 score: 0.665585479837591, Acc: 0.814
Epoch=59, 	batch_idx=0, 	loss=0.0006764192366972566
Epoch=59, 	batch_idx=10, 	loss=0.0033914316445589066
Epoch=59, 	batch_idx=20, 	loss=0.043245892971754074
Epoch=59, 	batch_idx=30, 	loss=0.0003470799420028925
Epoch=59, 	batch_idx=40, 	loss=0.0009823128348216414
Epoch=59, 	batch_idx=50, 	loss=0.002230666112154722
EP 59: F1 score: 0.6817171024989894, Acc: 0.8233333333333334
Epoch=60, 	batch_idx=0, 	loss=0.0002704026992432773
Epoch=60, 	batch_idx=10, 	loss=0.010271799750626087
Epoch=60, 	batch_idx=20, 	loss=0.0007314509130083025
Epoch=60, 	batch_idx=30, 	loss=0.00029153740615583956
Epoch=60, 	batch_idx=40, 	loss=0.0010197655064985156
Epoch=60, 	batch_idx=50, 	loss=0.05748554691672325
EP 60: F1 score: 0.677611619471856, Acc: 0.8293333333333334
Epoch=61, 	batch_idx=0, 	loss=0.0006165117374621332
Epoch=61, 	batch_idx=10, 	loss=0.0009639283525757492
Epoch=61, 	batch_idx=20, 	loss=0.0018247163388878107
Epoch=61, 	batch_idx=30, 	loss=0.0006774749490432441
Epoch=61, 	batch_idx=40, 	loss=0.0352497473359108
Epoch=61, 	batch_idx=50, 	loss=0.05449472367763519
EP 61: F1 score: 0.6682671952228634, Acc: 0.8273333333333334
Epoch=62, 	batch_idx=0, 	loss=0.00030965774203650653
Epoch=62, 	batch_idx=10, 	loss=0.0265753623098135
Epoch=62, 	batch_idx=20, 	loss=0.004319282714277506
Epoch=62, 	batch_idx=30, 	loss=0.00019602534302975982
Epoch=62, 	batch_idx=40, 	loss=0.00012510853412095457
Epoch=62, 	batch_idx=50, 	loss=0.00143386737909168
EP 62: F1 score: 0.632290215014002, Acc: 0.7913333333333333
Epoch=63, 	batch_idx=0, 	loss=0.0005233492120169103
Epoch=63, 	batch_idx=10, 	loss=0.06756788492202759
Epoch=63, 	batch_idx=20, 	loss=0.0378086194396019
Epoch=63, 	batch_idx=30, 	loss=0.00021857356477994472
Epoch=63, 	batch_idx=40, 	loss=0.07099468261003494
Epoch=63, 	batch_idx=50, 	loss=0.0037385406903922558
EP 63: F1 score: 0.6676605420722619, Acc: 0.8206666666666667
Epoch=64, 	batch_idx=0, 	loss=0.016965625807642937
Epoch=64, 	batch_idx=10, 	loss=0.00016945137758739293
Epoch=64, 	batch_idx=20, 	loss=0.05753113329410553
Epoch=64, 	batch_idx=30, 	loss=0.005851608235388994
Epoch=64, 	batch_idx=40, 	loss=0.04245028272271156
Epoch=64, 	batch_idx=50, 	loss=0.00034432639949955046
EP 64: F1 score: 0.6534990071351262, Acc: 0.8106666666666666
Epoch=65, 	batch_idx=0, 	loss=0.0003588048566598445
Epoch=65, 	batch_idx=10, 	loss=0.00032653193920850754
Epoch=65, 	batch_idx=20, 	loss=0.01933249831199646
Epoch=65, 	batch_idx=30, 	loss=0.0003577742900233716
Epoch=65, 	batch_idx=40, 	loss=0.0596633143723011
Epoch=65, 	batch_idx=50, 	loss=0.08281712979078293
EP 65: F1 score: 0.6606729960848863, Acc: 0.822
Epoch=66, 	batch_idx=0, 	loss=0.04308309778571129
Epoch=66, 	batch_idx=10, 	loss=0.0013471468118950725
Epoch=66, 	batch_idx=20, 	loss=0.0013655616203323007
Epoch=66, 	batch_idx=30, 	loss=0.00024541927268728614
Epoch=66, 	batch_idx=40, 	loss=0.018984153866767883
Epoch=66, 	batch_idx=50, 	loss=0.044801585376262665
EP 66: F1 score: 0.6640785204443789, Acc: 0.8233333333333334
Epoch=67, 	batch_idx=0, 	loss=0.0018965140916407108
Epoch=67, 	batch_idx=10, 	loss=0.00019135247566737235
Epoch=67, 	batch_idx=20, 	loss=0.001091553713195026
Epoch=67, 	batch_idx=30, 	loss=0.00021102957543917
Epoch=67, 	batch_idx=40, 	loss=0.000183167023351416
Epoch=67, 	batch_idx=50, 	loss=0.00021944603940937668
EP 67: F1 score: 0.6694033195682271, Acc: 0.8146666666666667
Epoch=68, 	batch_idx=0, 	loss=0.00021703167294617742
Epoch=68, 	batch_idx=10, 	loss=0.0001598168455529958
Epoch=68, 	batch_idx=20, 	loss=0.00012587482342496514
Epoch=68, 	batch_idx=30, 	loss=0.0003084217896685004
Epoch=68, 	batch_idx=40, 	loss=0.00016881723422557116
Epoch=68, 	batch_idx=50, 	loss=0.004828004166483879
EP 68: F1 score: 0.6180603815768265, Acc: 0.8193333333333334
Epoch=69, 	batch_idx=0, 	loss=0.0009095652494579554
Epoch=69, 	batch_idx=10, 	loss=0.0002994910755660385
Epoch=69, 	batch_idx=20, 	loss=0.00040075197466649115
Epoch=69, 	batch_idx=30, 	loss=0.06725543737411499
Epoch=69, 	batch_idx=40, 	loss=0.00036003487184643745
Epoch=69, 	batch_idx=50, 	loss=0.0014712356496602297
EP 69: F1 score: 0.655593624571623, Acc: 0.8246666666666667
Epoch=70, 	batch_idx=0, 	loss=0.0007747416384518147
Epoch=70, 	batch_idx=10, 	loss=0.00020619724818971008
Epoch=70, 	batch_idx=20, 	loss=0.00025825193733908236
Epoch=70, 	batch_idx=30, 	loss=0.09656466543674469
Epoch=70, 	batch_idx=40, 	loss=0.03049284778535366
Epoch=70, 	batch_idx=50, 	loss=0.002369882771745324
EP 70: F1 score: 0.6506717062492062, Acc: 0.82
Epoch=71, 	batch_idx=0, 	loss=0.0004948619171045721
Epoch=71, 	batch_idx=10, 	loss=0.00040100869955495
Epoch=71, 	batch_idx=20, 	loss=0.0049397205002605915
Epoch=71, 	batch_idx=30, 	loss=0.016439853236079216
Epoch=71, 	batch_idx=40, 	loss=0.00018502057355362922
Epoch=71, 	batch_idx=50, 	loss=0.03802890330553055
EP 71: F1 score: 0.6503651419806212, Acc: 0.8306666666666667
Epoch=72, 	batch_idx=0, 	loss=0.00023160262207966298
Epoch=72, 	batch_idx=10, 	loss=0.0005169390933588147
Epoch=72, 	batch_idx=20, 	loss=0.0742093175649643
Epoch=72, 	batch_idx=30, 	loss=0.00039032133645378053
Epoch=72, 	batch_idx=40, 	loss=0.10345682501792908
Epoch=72, 	batch_idx=50, 	loss=0.00023318400781136006
EP 72: F1 score: 0.6751358559096314, Acc: 0.8133333333333334
Epoch=73, 	batch_idx=0, 	loss=0.023253032937645912
Epoch=73, 	batch_idx=10, 	loss=0.0015398807590827346
Epoch=73, 	batch_idx=20, 	loss=0.0003196119796484709
Epoch=73, 	batch_idx=30, 	loss=0.005813486408442259
Epoch=73, 	batch_idx=40, 	loss=0.002819181652739644
Epoch=73, 	batch_idx=50, 	loss=0.00024326609855052084
EP 73: F1 score: 0.6554945604524645, Acc: 0.818
Epoch=74, 	batch_idx=0, 	loss=0.00017971907800529152
Epoch=74, 	batch_idx=10, 	loss=0.0002535184030421078
Epoch=74, 	batch_idx=20, 	loss=0.00013938560732640326
Epoch=74, 	batch_idx=30, 	loss=0.005453553516417742
Epoch=74, 	batch_idx=40, 	loss=0.0025197770446538925
Epoch=74, 	batch_idx=50, 	loss=9.333443449577317e-05
EP 74: F1 score: 0.6466434909340212, Acc: 0.8273333333333334
Epoch=75, 	batch_idx=0, 	loss=0.020910268649458885
Epoch=75, 	batch_idx=10, 	loss=0.0526142381131649
Epoch=75, 	batch_idx=20, 	loss=0.00029624992748722434
Epoch=75, 	batch_idx=30, 	loss=0.010399582795798779
Epoch=75, 	batch_idx=40, 	loss=0.000260672444710508
Epoch=75, 	batch_idx=50, 	loss=0.0003793574287556112
EP 75: F1 score: 0.6711788468788781, Acc: 0.8173333333333334
Epoch=76, 	batch_idx=0, 	loss=0.000421542878029868
Epoch=76, 	batch_idx=10, 	loss=0.01905297301709652
Epoch=76, 	batch_idx=20, 	loss=0.015276135876774788
Epoch=76, 	batch_idx=30, 	loss=0.0013521879445761442
Epoch=76, 	batch_idx=40, 	loss=0.003570378292351961
Epoch=76, 	batch_idx=50, 	loss=0.0006065023480914533
EP 76: F1 score: 0.6457740174208338, Acc: 0.8093333333333333
Epoch=77, 	batch_idx=0, 	loss=0.006850688252598047
Epoch=77, 	batch_idx=10, 	loss=0.0002249195968033746
Epoch=77, 	batch_idx=20, 	loss=0.00013998468057252467
Epoch=77, 	batch_idx=30, 	loss=0.0001994624180952087
Epoch=77, 	batch_idx=40, 	loss=0.0007119846995919943
Epoch=77, 	batch_idx=50, 	loss=0.002027198439463973
EP 77: F1 score: 0.670908599446915, Acc: 0.83
Epoch=78, 	batch_idx=0, 	loss=0.0018161495681852102
Epoch=78, 	batch_idx=10, 	loss=0.00013409016537480056
Epoch=78, 	batch_idx=20, 	loss=0.0002154201065422967
Epoch=78, 	batch_idx=30, 	loss=0.0012820895062759519
Epoch=78, 	batch_idx=40, 	loss=0.00408530980348587
Epoch=78, 	batch_idx=50, 	loss=0.00016651318583171815
EP 78: F1 score: 0.6564487398038433, Acc: 0.8066666666666666
Epoch=79, 	batch_idx=0, 	loss=0.0017138945404440165
Epoch=79, 	batch_idx=10, 	loss=0.00013108333223499358
Epoch=79, 	batch_idx=20, 	loss=0.00015779800014570355
Epoch=79, 	batch_idx=30, 	loss=0.056877944618463516
Epoch=79, 	batch_idx=40, 	loss=0.0005210336530581117
Epoch=79, 	batch_idx=50, 	loss=0.020191675052046776
EP 79: F1 score: 0.6624228000152019, Acc: 0.8166666666666667
Epoch=80, 	batch_idx=0, 	loss=0.0005788973066955805
Epoch=80, 	batch_idx=10, 	loss=0.00020728065283037722
Epoch=80, 	batch_idx=20, 	loss=0.00013598520308732986
Epoch=80, 	batch_idx=30, 	loss=0.0008096586097963154
Epoch=80, 	batch_idx=40, 	loss=0.0036161537282168865
Epoch=80, 	batch_idx=50, 	loss=0.0024239388294517994
EP 80: F1 score: 0.6520060618244579, Acc: 0.8213333333333334
Epoch=81, 	batch_idx=0, 	loss=0.0002309488772880286
Epoch=81, 	batch_idx=10, 	loss=0.0002634699339978397
Epoch=81, 	batch_idx=20, 	loss=0.001027729013003409
Epoch=81, 	batch_idx=30, 	loss=0.00024247723922599107
Epoch=81, 	batch_idx=40, 	loss=0.013387029059231281
Epoch=81, 	batch_idx=50, 	loss=0.0001239422708749771
EP 81: F1 score: 0.6574353912997033, Acc: 0.822
Epoch=82, 	batch_idx=0, 	loss=0.00012378327664919198
Epoch=82, 	batch_idx=10, 	loss=0.04603954404592514
Epoch=82, 	batch_idx=20, 	loss=9.237955237040296e-05
Epoch=82, 	batch_idx=30, 	loss=0.000135970811243169
Epoch=82, 	batch_idx=40, 	loss=0.03434283286333084
Epoch=82, 	batch_idx=50, 	loss=0.00012638073530979455
EP 82: F1 score: 0.6818824652087087, Acc: 0.8286666666666667
Epoch=83, 	batch_idx=0, 	loss=0.00016881607007235289
Epoch=83, 	batch_idx=10, 	loss=0.002513578161597252
Epoch=83, 	batch_idx=20, 	loss=0.0031255092471837997
Epoch=83, 	batch_idx=30, 	loss=0.0001521229714853689
Epoch=83, 	batch_idx=40, 	loss=0.00011290345719316974
Epoch=83, 	batch_idx=50, 	loss=0.00011525119771249592
EP 83: F1 score: 0.6841077724998657, Acc: 0.822
Epoch=84, 	batch_idx=0, 	loss=0.001807794556953013
Epoch=84, 	batch_idx=10, 	loss=0.0012844211887568235
Epoch=84, 	batch_idx=20, 	loss=0.0002919126709457487
Epoch=84, 	batch_idx=30, 	loss=0.0003000351134687662
Epoch=84, 	batch_idx=40, 	loss=0.002153769601136446
Epoch=84, 	batch_idx=50, 	loss=0.0726098120212555
EP 84: F1 score: 0.669975102996101, Acc: 0.8153333333333334
Epoch=85, 	batch_idx=0, 	loss=0.0005711846170015633
Epoch=85, 	batch_idx=10, 	loss=9.070723899640143e-05
Epoch=85, 	batch_idx=20, 	loss=0.00014448202273342758
Epoch=85, 	batch_idx=30, 	loss=0.00010729876521509141
Epoch=85, 	batch_idx=40, 	loss=0.00022651191102340817
Epoch=85, 	batch_idx=50, 	loss=9.425601456314325e-05
EP 85: F1 score: 0.705517197490496, Acc: 0.832
Epoch=86, 	batch_idx=0, 	loss=0.0001429197145625949
Epoch=86, 	batch_idx=10, 	loss=7.971150625962764e-05
Epoch=86, 	batch_idx=20, 	loss=0.00018226973770651966
Epoch=86, 	batch_idx=30, 	loss=7.958200149005279e-05
Epoch=86, 	batch_idx=40, 	loss=0.0010950284777209163
Epoch=86, 	batch_idx=50, 	loss=9.132088598562405e-05
EP 86: F1 score: 0.6798545185977395, Acc: 0.816
Epoch=87, 	batch_idx=0, 	loss=0.00020623579621315002
Epoch=87, 	batch_idx=10, 	loss=0.00013069694978184998
Epoch=87, 	batch_idx=20, 	loss=0.00011091247870353982
Epoch=87, 	batch_idx=30, 	loss=0.0005446742288768291
Epoch=87, 	batch_idx=40, 	loss=0.05649265646934509
Epoch=87, 	batch_idx=50, 	loss=0.00014457872021012008
EP 87: F1 score: 0.6984692646391646, Acc: 0.8193333333333334
Epoch=88, 	batch_idx=0, 	loss=9.715130727272481e-05
Epoch=88, 	batch_idx=10, 	loss=0.0001817466545617208
Epoch=88, 	batch_idx=20, 	loss=0.00010331979865441099
Epoch=88, 	batch_idx=30, 	loss=0.0006952504045329988
Epoch=88, 	batch_idx=40, 	loss=0.0001100520312320441
Epoch=88, 	batch_idx=50, 	loss=0.003348033409565687
EP 88: F1 score: 0.6687003832415425, Acc: 0.7966666666666666
Epoch=89, 	batch_idx=0, 	loss=0.003135381732136011
Epoch=89, 	batch_idx=10, 	loss=7.593462942168117e-05
Epoch=89, 	batch_idx=20, 	loss=0.00014372938312590122
Epoch=89, 	batch_idx=30, 	loss=0.0036455702502280474
Epoch=89, 	batch_idx=40, 	loss=0.00035971798934042454
Epoch=89, 	batch_idx=50, 	loss=6.702527025481686e-05
EP 89: F1 score: 0.6893077710982598, Acc: 0.8213333333333334
Epoch=90, 	batch_idx=0, 	loss=9.646541730035096e-05
Epoch=90, 	batch_idx=10, 	loss=6.940789171494544e-05
Epoch=90, 	batch_idx=20, 	loss=8.149702625814825e-05
Epoch=90, 	batch_idx=30, 	loss=0.0002887200971599668
Epoch=90, 	batch_idx=40, 	loss=6.30321228527464e-05
Epoch=90, 	batch_idx=50, 	loss=8.313043508678675e-05
EP 90: F1 score: 0.7068149600870115, Acc: 0.832
Epoch=91, 	batch_idx=0, 	loss=0.00010062606452265754
Epoch=91, 	batch_idx=10, 	loss=0.00012663406960200518
Epoch=91, 	batch_idx=20, 	loss=0.001240866957232356
Epoch=91, 	batch_idx=30, 	loss=0.00015315179189201444
Epoch=91, 	batch_idx=40, 	loss=0.00017263604968320578
Epoch=91, 	batch_idx=50, 	loss=0.09374018013477325
EP 91: F1 score: 0.6969440785099983, Acc: 0.8273333333333334
Epoch=92, 	batch_idx=0, 	loss=0.0004365773347672075
Epoch=92, 	batch_idx=10, 	loss=8.543200965505093e-05
Epoch=92, 	batch_idx=20, 	loss=0.00015720524243079126
Epoch=92, 	batch_idx=30, 	loss=0.05223928764462471
Epoch=92, 	batch_idx=40, 	loss=0.00021787139121443033
Epoch=92, 	batch_idx=50, 	loss=0.0003228725690860301
EP 92: F1 score: 0.6883320841041893, Acc: 0.8273333333333334
Epoch=93, 	batch_idx=0, 	loss=0.06053376942873001
Epoch=93, 	batch_idx=10, 	loss=0.00019817765860352665
Epoch=93, 	batch_idx=20, 	loss=0.0014747153036296368
Epoch=93, 	batch_idx=30, 	loss=9.925340418703854e-05
Epoch=93, 	batch_idx=40, 	loss=0.00010484474478289485
Epoch=93, 	batch_idx=50, 	loss=8.673377305967733e-05
EP 93: F1 score: 0.6786728868953826, Acc: 0.8186666666666667
Epoch=94, 	batch_idx=0, 	loss=9.141126793110743e-05
Epoch=94, 	batch_idx=10, 	loss=9.875929390545934e-05
Epoch=94, 	batch_idx=20, 	loss=6.995807052589953e-05
Epoch=94, 	batch_idx=30, 	loss=0.0001232210051966831
Epoch=94, 	batch_idx=40, 	loss=5.729593613068573e-05
Epoch=94, 	batch_idx=50, 	loss=6.129161920398474e-05
EP 94: F1 score: 0.6730240458958712, Acc: 0.832
Epoch=95, 	batch_idx=0, 	loss=9.069118823390454e-05
Epoch=95, 	batch_idx=10, 	loss=0.0446326807141304
Epoch=95, 	batch_idx=20, 	loss=5.650470848195255e-05
Epoch=95, 	batch_idx=30, 	loss=5.476002843352035e-05
Epoch=95, 	batch_idx=40, 	loss=7.251896749949083e-05
Epoch=95, 	batch_idx=50, 	loss=6.257077620830387e-05
EP 95: F1 score: 0.7013366475680554, Acc: 0.828
Epoch=96, 	batch_idx=0, 	loss=5.249205423751846e-05
Epoch=96, 	batch_idx=10, 	loss=6.821498391218483e-05
Epoch=96, 	batch_idx=20, 	loss=6.391516944859177e-05
Epoch=96, 	batch_idx=30, 	loss=8.126238390104845e-05
Epoch=96, 	batch_idx=40, 	loss=5.3032210416859016e-05
Epoch=96, 	batch_idx=50, 	loss=5.190044976188801e-05
EP 96: F1 score: 0.6905544801524872, Acc: 0.832
Epoch=97, 	batch_idx=0, 	loss=5.443982081487775e-05
Epoch=97, 	batch_idx=10, 	loss=8.491260814480484e-05
Epoch=97, 	batch_idx=20, 	loss=5.2429848437896e-05
Epoch=97, 	batch_idx=30, 	loss=6.122768536442891e-05
Epoch=97, 	batch_idx=40, 	loss=5.0916489271912724e-05
Epoch=97, 	batch_idx=50, 	loss=6.782351556466892e-05
EP 97: F1 score: 0.6837015327545634, Acc: 0.8293333333333334
Epoch=98, 	batch_idx=0, 	loss=5.754867379437201e-05
Epoch=98, 	batch_idx=10, 	loss=4.481313226278871e-05
Epoch=98, 	batch_idx=20, 	loss=6.131110421847552e-05
Epoch=98, 	batch_idx=30, 	loss=4.450947744771838e-05
Epoch=98, 	batch_idx=40, 	loss=4.909401832264848e-05
Epoch=98, 	batch_idx=50, 	loss=5.936787783866748e-05
EP 98: F1 score: 0.697728413973961, Acc: 0.832
Epoch=99, 	batch_idx=0, 	loss=4.2761737859109417e-05
Epoch=99, 	batch_idx=10, 	loss=4.9320951802656054e-05
Epoch=99, 	batch_idx=20, 	loss=5.452885670820251e-05
Epoch=99, 	batch_idx=30, 	loss=4.7773512051207945e-05
Epoch=99, 	batch_idx=40, 	loss=6.886816845508292e-05
Epoch=99, 	batch_idx=50, 	loss=6.026521441526711e-05
EP 99: F1 score: 0.6955860622826449, Acc: 0.8293333333333334
Test: F1 score: 0.7413534236355559, Acc: 0.86